
==========================================================================
floorplan final report_tns
--------------------------------------------------------------------------
tns 0.00

==========================================================================
floorplan final report_wns
--------------------------------------------------------------------------
wns 0.00

==========================================================================
floorplan final report_worst_slack
--------------------------------------------------------------------------
worst slack 0.32

==========================================================================
floorplan final report_checks -path_delay min
--------------------------------------------------------------------------
Startpoint: g_row[0].g_col[0].mult.stage1.sign$_DFF_PN0_
            (rising edge-triggered flip-flop clocked by clk)
Endpoint: g_row[0].g_col[0].mult.x[15]$_DFF_PN0_
          (rising edge-triggered flip-flop clocked by clk)
Path Group: clk
Path Type: min

Fanout     Cap    Slew   Delay    Time   Description
-----------------------------------------------------------------------------
                  0.00    0.00    0.00   clock clk (rise edge)
                          0.15    0.15   clock network delay (ideal)
                  0.00    0.00    0.15 ^ g_row[0].g_col[0].mult.stage1.sign$_DFF_PN0_/CK (DFFR_X1)
     1    1.05    0.01    0.08    0.23 v g_row[0].g_col[0].mult.stage1.sign$_DFF_PN0_/Q (DFFR_X1)
                                         g_row[0].g_col[0].mult.sign (net)
                  0.01    0.00    0.23 v g_row[0].g_col[0].mult.x[15]$_DFF_PN0_/D (DFFR_X1)
                                  0.23   data arrival time

                  0.00    0.00    0.00   clock clk (rise edge)
                          0.15    0.15   clock network delay (ideal)
                          0.01    0.17   clock uncertainty
                          0.00    0.17   clock reconvergence pessimism
                                  0.17 ^ g_row[0].g_col[0].mult.x[15]$_DFF_PN0_/CK (DFFR_X1)
                          0.00    0.17   library hold time
                                  0.17   data required time
-----------------------------------------------------------------------------
                                  0.17   data required time
                                 -0.23   data arrival time
-----------------------------------------------------------------------------
                                  0.07   slack (MET)



==========================================================================
floorplan final report_checks -path_delay max
--------------------------------------------------------------------------
Startpoint: rst (input port clocked by clk)
Endpoint: g_reduce0[0].adder.x[0]$_DFF_PN0_
          (recovery check against rising-edge clock clk)
Path Group: asynchronous
Path Type: max

Fanout     Cap    Slew   Delay    Time   Description
-----------------------------------------------------------------------------
                  0.00    0.00    0.00   clock clk (rise edge)
                          0.15    0.15   clock network delay (ideal)
                          0.15    0.30 ^ input external delay
  1205 2143.12    0.00    0.00    0.30 ^ rst (in)
                                         rst (net)
                  0.00    0.00    0.30 ^ g_reduce0[0].adder.x[0]$_DFF_PN0_/RN (DFFR_X1)
                                  0.30   data arrival time

                  0.00    3.00    3.00   clock clk (rise edge)
                          0.15    3.15   clock network delay (ideal)
                         -0.01    3.13   clock uncertainty
                          0.00    3.13   clock reconvergence pessimism
                                  3.13 ^ g_reduce0[0].adder.x[0]$_DFF_PN0_/CK (DFFR_X1)
                          0.05    3.19   library recovery time
                                  3.19   data required time
-----------------------------------------------------------------------------
                                  3.19   data required time
                                 -0.30   data arrival time
-----------------------------------------------------------------------------
                                  2.89   slack (MET)


Startpoint: g_row[2].g_col[1].mult.x[13]$_DFF_PN0_
            (rising edge-triggered flip-flop clocked by clk)
Endpoint: g_reduce0[8].adder.x[14]$_DFF_PN0_
          (rising edge-triggered flip-flop clocked by clk)
Path Group: clk
Path Type: max

Fanout     Cap    Slew   Delay    Time   Description
-----------------------------------------------------------------------------
                  0.00    0.00    0.00   clock clk (rise edge)
                          0.15    0.15   clock network delay (ideal)
                  0.00    0.00    0.15 ^ g_row[2].g_col[1].mult.x[13]$_DFF_PN0_/CK (DFFR_X1)
     4    6.79    0.02    0.11    0.26 ^ g_row[2].g_col[1].mult.x[13]$_DFF_PN0_/Q (DFFR_X1)
                                         g_reduce0[8].adder.b[13] (net)
                  0.02    0.00    0.26 ^ _41795_/A (HA_X1)
     1    0.97    0.02    0.05    0.31 ^ _41795_/S (HA_X1)
                                         _21849_ (net)
                  0.02    0.00    0.31 ^ _26488_/A (BUF_X1)
     6    9.68    0.02    0.04    0.35 ^ _26488_/Z (BUF_X1)
                                         _03200_ (net)
                  0.02    0.00    0.35 ^ _26513_/A2 (NAND4_X1)
     1    3.50    0.02    0.04    0.39 v _26513_/ZN (NAND4_X1)
                                         _03225_ (net)
                  0.02    0.00    0.39 v _26514_/A4 (NOR4_X2)
     2    2.64    0.04    0.08    0.47 ^ _26514_/ZN (NOR4_X2)
                                         _03226_ (net)
                  0.04    0.00    0.47 ^ _26527_/A2 (AND2_X1)
     1    3.40    0.01    0.04    0.51 ^ _26527_/ZN (AND2_X1)
                                         _03238_ (net)
                  0.01    0.00    0.51 ^ _26528_/A (BUF_X4)
     9   15.86    0.01    0.03    0.54 ^ _26528_/Z (BUF_X4)
                                         _03239_ (net)
                  0.01    0.00    0.54 ^ _26529_/A2 (NOR2_X2)
    10   16.22    0.03    0.02    0.56 v _26529_/ZN (NOR2_X2)
                                         _03240_ (net)
                  0.03    0.00    0.56 v _26562_/A (BUF_X1)
    10   14.92    0.02    0.05    0.62 v _26562_/Z (BUF_X1)
                                         _03272_ (net)
                  0.02    0.00    0.62 v _38980_/A (BUF_X1)
    10   10.67    0.01    0.05    0.66 v _38980_/Z (BUF_X1)
                                         _12020_ (net)
                  0.01    0.00    0.66 v _39226_/A3 (NOR3_X1)
     1    1.63    0.03    0.05    0.71 ^ _39226_/ZN (NOR3_X1)
                                         _12119_ (net)
                  0.03    0.00    0.71 ^ _39227_/A (AOI21_X1)
     1    3.34    0.01    0.02    0.73 v _39227_/ZN (AOI21_X1)
                                         _21886_ (net)
                  0.01    0.00    0.73 v _41808_/B (HA_X1)
     3    4.38    0.01    0.04    0.77 v _41808_/CO (HA_X1)
                                         _21887_ (net)
                  0.01    0.00    0.77 v _26536_/A1 (NOR2_X1)
     3    4.97    0.03    0.04    0.81 ^ _26536_/ZN (NOR2_X1)
                                         _03246_ (net)
                  0.03    0.00    0.81 ^ _26584_/A (INV_X1)
     1    1.54    0.01    0.01    0.82 v _26584_/ZN (INV_X1)
                                         _03294_ (net)
                  0.01    0.00    0.82 v _26585_/A (AOI21_X1)
     2    3.33    0.03    0.05    0.87 ^ _26585_/ZN (AOI21_X1)
                                         _03295_ (net)
                  0.03    0.00    0.87 ^ _26587_/B1 (OAI21_X1)
     2    2.95    0.01    0.02    0.89 v _26587_/ZN (OAI21_X1)
                                         _03297_ (net)
                  0.01    0.00    0.89 v _26588_/A2 (NAND2_X1)
     4    5.77    0.02    0.03    0.92 ^ _26588_/ZN (NAND2_X1)
                                         _03298_ (net)
                  0.02    0.00    0.92 ^ _26589_/A (BUF_X1)
    10   17.38    0.04    0.06    0.98 ^ _26589_/Z (BUF_X1)
                                         _03299_ (net)
                  0.04    0.00    0.98 ^ _26614_/S (MUX2_X1)
     1    0.91    0.01    0.06    1.04 v _26614_/Z (MUX2_X1)
                                         _03322_ (net)
                  0.01    0.00    1.04 v _26617_/A (MUX2_X1)
     1    0.90    0.01    0.06    1.10 v _26617_/Z (MUX2_X1)
                                         _03325_ (net)
                  0.01    0.00    1.10 v _26618_/A2 (OR2_X1)
     3    7.56    0.02    0.06    1.16 v _26618_/ZN (OR2_X1)
                                         _14139_ (net)
                  0.02    0.00    1.16 v _26619_/A (INV_X1)
     2    6.93    0.02    0.03    1.19 ^ _26619_/ZN (INV_X1)
                                         _14133_ (net)
                  0.02    0.00    1.19 ^ _41810_/A (HA_X1)
     1    1.68    0.02    0.05    1.24 ^ _41810_/S (HA_X1)
                                         _21893_ (net)
                  0.02    0.00    1.24 ^ _26676_/B2 (AOI21_X1)
     1    1.56    0.01    0.02    1.25 v _26676_/ZN (AOI21_X1)
                                         _03366_ (net)
                  0.01    0.00    1.25 v _26677_/B2 (OAI21_X1)
     3    4.27    0.03    0.04    1.30 ^ _26677_/ZN (OAI21_X1)
                                         _03367_ (net)
                  0.03    0.00    1.30 ^ _26678_/A2 (AND2_X1)
     2    3.27    0.01    0.04    1.34 ^ _26678_/ZN (AND2_X1)
                                         _03368_ (net)
                  0.01    0.00    1.34 ^ _26687_/B1 (OAI221_X1)
     2    3.10    0.02    0.03    1.37 v _26687_/ZN (OAI221_X1)
                                         _03377_ (net)
                  0.02    0.00    1.37 v _26752_/A3 (NOR3_X1)
     1    1.62    0.03    0.05    1.42 ^ _26752_/ZN (NOR3_X1)
                                         _03442_ (net)
                  0.03    0.00    1.42 ^ _26753_/A3 (NOR3_X1)
     2    4.78    0.02    0.02    1.45 v _26753_/ZN (NOR3_X1)
                                         _03443_ (net)
                  0.02    0.00    1.45 v _26754_/B (XNOR2_X1)
     8   11.65    0.06    0.09    1.53 ^ _26754_/ZN (XNOR2_X1)
                                         _03444_ (net)
                  0.06    0.00    1.53 ^ _26781_/A (OAI21_X1)
     8   11.76    0.04    0.06    1.59 v _26781_/ZN (OAI21_X1)
                                         _03471_ (net)
                  0.04    0.00    1.59 v _26799_/A1 (NOR2_X1)
     6    8.34    0.05    0.07    1.66 ^ _26799_/ZN (NOR2_X1)
                                         _03489_ (net)
                  0.05    0.00    1.66 ^ _26806_/A1 (NAND2_X1)
     1    0.90    0.01    0.02    1.67 v _26806_/ZN (NAND2_X1)
                                         _03496_ (net)
                  0.01    0.00    1.67 v _26818_/B (MUX2_X1)
     3    4.61    0.01    0.07    1.74 v _26818_/Z (MUX2_X1)
                                         _03508_ (net)
                  0.01    0.00    1.74 v _26819_/A2 (NAND2_X1)
     4    7.18    0.02    0.03    1.77 ^ _26819_/ZN (NAND2_X1)
                                         _03509_ (net)
                  0.02    0.00    1.77 ^ _26820_/A2 (NAND2_X1)
     3    7.95    0.03    0.03    1.80 v _26820_/ZN (NAND2_X1)
                                         _21958_ (net)
                  0.03    0.00    1.80 v _26821_/A (INV_X1)
     4   11.74    0.03    0.05    1.85 ^ _26821_/ZN (INV_X1)
                                         _21960_ (net)
                  0.03    0.00    1.85 ^ _41832_/B (HA_X1)
     3    5.13    0.02    0.05    1.89 ^ _41832_/CO (HA_X1)
                                         _21963_ (net)
                  0.02    0.00    1.89 ^ _26834_/A1 (NOR2_X1)
     2    4.40    0.01    0.01    1.91 v _26834_/ZN (NOR2_X1)
                                         _03522_ (net)
                  0.01    0.00    1.91 v _26840_/B (OAI211_X2)
     1    1.67    0.02    0.02    1.93 ^ _26840_/ZN (OAI211_X2)
                                         _03528_ (net)
                  0.02    0.00    1.93 ^ _26841_/A (OAI21_X1)
     1    0.90    0.01    0.02    1.95 v _26841_/ZN (OAI21_X1)
                                         _03529_ (net)
                  0.01    0.00    1.95 v _26842_/A3 (OR3_X1)
     5    7.13    0.02    0.09    2.05 v _26842_/ZN (OR3_X1)
                                         _03530_ (net)
                  0.02    0.00    2.05 v _26934_/B2 (OAI21_X1)
     4    7.25    0.04    0.06    2.11 ^ _26934_/ZN (OAI21_X1)
                                         _03620_ (net)
                  0.04    0.00    2.11 ^ _27075_/A (AOI211_X2)
     1    0.85    0.02    0.02    2.13 v _27075_/ZN (AOI211_X2)
                                         _03759_ (net)
                  0.02    0.00    2.13 v _27078_/A3 (OR4_X1)
     2    2.34    0.02    0.12    2.25 v _27078_/ZN (OR4_X1)
                                         _03762_ (net)
                  0.02    0.00    2.25 v _27079_/A4 (AND4_X1)
     2    3.01    0.01    0.05    2.29 v _27079_/ZN (AND4_X1)
                                         _03763_ (net)
                  0.01    0.00    2.29 v _27080_/A3 (NOR3_X1)
     1    1.66    0.03    0.05    2.34 ^ _27080_/ZN (NOR3_X1)
                                         _03764_ (net)
                  0.03    0.00    2.34 ^ _27081_/A4 (NAND4_X1)
     3    7.58    0.04    0.06    2.40 v _27081_/ZN (NAND4_X1)
                                         _03765_ (net)
                  0.04    0.00    2.40 v _27082_/B (XOR2_X2)
     6   13.74    0.03    0.08    2.47 v _27082_/Z (XOR2_X2)
                                         _03766_ (net)
                  0.03    0.00    2.47 v _27096_/A (INV_X4)
     7   13.96    0.01    0.03    2.50 ^ _27096_/ZN (INV_X4)
                                         _21972_ (net)
                  0.01    0.00    2.50 ^ _41835_/B (HA_X1)
     2    5.04    0.02    0.04    2.54 ^ _41835_/CO (HA_X1)
                                         _21973_ (net)
                  0.02    0.00    2.54 ^ _41838_/B (HA_X1)
     2    3.82    0.01    0.04    2.58 ^ _41838_/CO (HA_X1)
                                         _21981_ (net)
                  0.01    0.00    2.58 ^ _27197_/A1 (NAND3_X1)
     1    2.41    0.01    0.02    2.60 v _27197_/ZN (NAND3_X1)
                                         _03863_ (net)
                  0.01    0.00    2.60 v _27198_/B (XOR2_X1)
     3    4.19    0.01    0.06    2.66 v _27198_/Z (XOR2_X1)
                                         _03864_ (net)
                  0.01    0.00    2.66 v _27199_/S (MUX2_X1)
     1    1.55    0.01    0.05    2.71 v _27199_/Z (MUX2_X1)
                                         _03865_ (net)
                  0.01    0.00    2.71 v _27200_/B2 (OAI22_X1)
     1    1.63    0.03    0.04    2.75 ^ _27200_/ZN (OAI22_X1)
                                         _03866_ (net)
                  0.03    0.00    2.75 ^ _27205_/A (AOI21_X1)
     1    1.05    0.01    0.02    2.77 v _27205_/ZN (AOI21_X1)
                                         _00117_ (net)
                  0.01    0.00    2.77 v g_reduce0[8].adder.x[14]$_DFF_PN0_/D (DFFR_X1)
                                  2.77   data arrival time

                  0.00    3.00    3.00   clock clk (rise edge)
                          0.15    3.15   clock network delay (ideal)
                         -0.01    3.13   clock uncertainty
                          0.00    3.13   clock reconvergence pessimism
                                  3.13 ^ g_reduce0[8].adder.x[14]$_DFF_PN0_/CK (DFFR_X1)
                         -0.04    3.09   library setup time
                                  3.09   data required time
-----------------------------------------------------------------------------
                                  3.09   data required time
                                 -2.77   data arrival time
-----------------------------------------------------------------------------
                                  0.32   slack (MET)



==========================================================================
floorplan final report_checks -unconstrained
--------------------------------------------------------------------------
Startpoint: rst (input port clocked by clk)
Endpoint: g_reduce0[0].adder.x[0]$_DFF_PN0_
          (recovery check against rising-edge clock clk)
Path Group: asynchronous
Path Type: max

Fanout     Cap    Slew   Delay    Time   Description
-----------------------------------------------------------------------------
                  0.00    0.00    0.00   clock clk (rise edge)
                          0.15    0.15   clock network delay (ideal)
                          0.15    0.30 ^ input external delay
  1205 2143.12    0.00    0.00    0.30 ^ rst (in)
                                         rst (net)
                  0.00    0.00    0.30 ^ g_reduce0[0].adder.x[0]$_DFF_PN0_/RN (DFFR_X1)
                                  0.30   data arrival time

                  0.00    3.00    3.00   clock clk (rise edge)
                          0.15    3.15   clock network delay (ideal)
                         -0.01    3.13   clock uncertainty
                          0.00    3.13   clock reconvergence pessimism
                                  3.13 ^ g_reduce0[0].adder.x[0]$_DFF_PN0_/CK (DFFR_X1)
                          0.05    3.19   library recovery time
                                  3.19   data required time
-----------------------------------------------------------------------------
                                  3.19   data required time
                                 -0.30   data arrival time
-----------------------------------------------------------------------------
                                  2.89   slack (MET)


Startpoint: g_row[2].g_col[1].mult.x[13]$_DFF_PN0_
            (rising edge-triggered flip-flop clocked by clk)
Endpoint: g_reduce0[8].adder.x[14]$_DFF_PN0_
          (rising edge-triggered flip-flop clocked by clk)
Path Group: clk
Path Type: max

Fanout     Cap    Slew   Delay    Time   Description
-----------------------------------------------------------------------------
                  0.00    0.00    0.00   clock clk (rise edge)
                          0.15    0.15   clock network delay (ideal)
                  0.00    0.00    0.15 ^ g_row[2].g_col[1].mult.x[13]$_DFF_PN0_/CK (DFFR_X1)
     4    6.79    0.02    0.11    0.26 ^ g_row[2].g_col[1].mult.x[13]$_DFF_PN0_/Q (DFFR_X1)
                                         g_reduce0[8].adder.b[13] (net)
                  0.02    0.00    0.26 ^ _41795_/A (HA_X1)
     1    0.97    0.02    0.05    0.31 ^ _41795_/S (HA_X1)
                                         _21849_ (net)
                  0.02    0.00    0.31 ^ _26488_/A (BUF_X1)
     6    9.68    0.02    0.04    0.35 ^ _26488_/Z (BUF_X1)
                                         _03200_ (net)
                  0.02    0.00    0.35 ^ _26513_/A2 (NAND4_X1)
     1    3.50    0.02    0.04    0.39 v _26513_/ZN (NAND4_X1)
                                         _03225_ (net)
                  0.02    0.00    0.39 v _26514_/A4 (NOR4_X2)
     2    2.64    0.04    0.08    0.47 ^ _26514_/ZN (NOR4_X2)
                                         _03226_ (net)
                  0.04    0.00    0.47 ^ _26527_/A2 (AND2_X1)
     1    3.40    0.01    0.04    0.51 ^ _26527_/ZN (AND2_X1)
                                         _03238_ (net)
                  0.01    0.00    0.51 ^ _26528_/A (BUF_X4)
     9   15.86    0.01    0.03    0.54 ^ _26528_/Z (BUF_X4)
                                         _03239_ (net)
                  0.01    0.00    0.54 ^ _26529_/A2 (NOR2_X2)
    10   16.22    0.03    0.02    0.56 v _26529_/ZN (NOR2_X2)
                                         _03240_ (net)
                  0.03    0.00    0.56 v _26562_/A (BUF_X1)
    10   14.92    0.02    0.05    0.62 v _26562_/Z (BUF_X1)
                                         _03272_ (net)
                  0.02    0.00    0.62 v _38980_/A (BUF_X1)
    10   10.67    0.01    0.05    0.66 v _38980_/Z (BUF_X1)
                                         _12020_ (net)
                  0.01    0.00    0.66 v _39226_/A3 (NOR3_X1)
     1    1.63    0.03    0.05    0.71 ^ _39226_/ZN (NOR3_X1)
                                         _12119_ (net)
                  0.03    0.00    0.71 ^ _39227_/A (AOI21_X1)
     1    3.34    0.01    0.02    0.73 v _39227_/ZN (AOI21_X1)
                                         _21886_ (net)
                  0.01    0.00    0.73 v _41808_/B (HA_X1)
     3    4.38    0.01    0.04    0.77 v _41808_/CO (HA_X1)
                                         _21887_ (net)
                  0.01    0.00    0.77 v _26536_/A1 (NOR2_X1)
     3    4.97    0.03    0.04    0.81 ^ _26536_/ZN (NOR2_X1)
                                         _03246_ (net)
                  0.03    0.00    0.81 ^ _26584_/A (INV_X1)
     1    1.54    0.01    0.01    0.82 v _26584_/ZN (INV_X1)
                                         _03294_ (net)
                  0.01    0.00    0.82 v _26585_/A (AOI21_X1)
     2    3.33    0.03    0.05    0.87 ^ _26585_/ZN (AOI21_X1)
                                         _03295_ (net)
                  0.03    0.00    0.87 ^ _26587_/B1 (OAI21_X1)
     2    2.95    0.01    0.02    0.89 v _26587_/ZN (OAI21_X1)
                                         _03297_ (net)
                  0.01    0.00    0.89 v _26588_/A2 (NAND2_X1)
     4    5.77    0.02    0.03    0.92 ^ _26588_/ZN (NAND2_X1)
                                         _03298_ (net)
                  0.02    0.00    0.92 ^ _26589_/A (BUF_X1)
    10   17.38    0.04    0.06    0.98 ^ _26589_/Z (BUF_X1)
                                         _03299_ (net)
                  0.04    0.00    0.98 ^ _26614_/S (MUX2_X1)
     1    0.91    0.01    0.06    1.04 v _26614_/Z (MUX2_X1)
                                         _03322_ (net)
                  0.01    0.00    1.04 v _26617_/A (MUX2_X1)
     1    0.90    0.01    0.06    1.10 v _26617_/Z (MUX2_X1)
                                         _03325_ (net)
                  0.01    0.00    1.10 v _26618_/A2 (OR2_X1)
     3    7.56    0.02    0.06    1.16 v _26618_/ZN (OR2_X1)
                                         _14139_ (net)
                  0.02    0.00    1.16 v _26619_/A (INV_X1)
     2    6.93    0.02    0.03    1.19 ^ _26619_/ZN (INV_X1)
                                         _14133_ (net)
                  0.02    0.00    1.19 ^ _41810_/A (HA_X1)
     1    1.68    0.02    0.05    1.24 ^ _41810_/S (HA_X1)
                                         _21893_ (net)
                  0.02    0.00    1.24 ^ _26676_/B2 (AOI21_X1)
     1    1.56    0.01    0.02    1.25 v _26676_/ZN (AOI21_X1)
                                         _03366_ (net)
                  0.01    0.00    1.25 v _26677_/B2 (OAI21_X1)
     3    4.27    0.03    0.04    1.30 ^ _26677_/ZN (OAI21_X1)
                                         _03367_ (net)
                  0.03    0.00    1.30 ^ _26678_/A2 (AND2_X1)
     2    3.27    0.01    0.04    1.34 ^ _26678_/ZN (AND2_X1)
                                         _03368_ (net)
                  0.01    0.00    1.34 ^ _26687_/B1 (OAI221_X1)
     2    3.10    0.02    0.03    1.37 v _26687_/ZN (OAI221_X1)
                                         _03377_ (net)
                  0.02    0.00    1.37 v _26752_/A3 (NOR3_X1)
     1    1.62    0.03    0.05    1.42 ^ _26752_/ZN (NOR3_X1)
                                         _03442_ (net)
                  0.03    0.00    1.42 ^ _26753_/A3 (NOR3_X1)
     2    4.78    0.02    0.02    1.45 v _26753_/ZN (NOR3_X1)
                                         _03443_ (net)
                  0.02    0.00    1.45 v _26754_/B (XNOR2_X1)
     8   11.65    0.06    0.09    1.53 ^ _26754_/ZN (XNOR2_X1)
                                         _03444_ (net)
                  0.06    0.00    1.53 ^ _26781_/A (OAI21_X1)
     8   11.76    0.04    0.06    1.59 v _26781_/ZN (OAI21_X1)
                                         _03471_ (net)
                  0.04    0.00    1.59 v _26799_/A1 (NOR2_X1)
     6    8.34    0.05    0.07    1.66 ^ _26799_/ZN (NOR2_X1)
                                         _03489_ (net)
                  0.05    0.00    1.66 ^ _26806_/A1 (NAND2_X1)
     1    0.90    0.01    0.02    1.67 v _26806_/ZN (NAND2_X1)
                                         _03496_ (net)
                  0.01    0.00    1.67 v _26818_/B (MUX2_X1)
     3    4.61    0.01    0.07    1.74 v _26818_/Z (MUX2_X1)
                                         _03508_ (net)
                  0.01    0.00    1.74 v _26819_/A2 (NAND2_X1)
     4    7.18    0.02    0.03    1.77 ^ _26819_/ZN (NAND2_X1)
                                         _03509_ (net)
                  0.02    0.00    1.77 ^ _26820_/A2 (NAND2_X1)
     3    7.95    0.03    0.03    1.80 v _26820_/ZN (NAND2_X1)
                                         _21958_ (net)
                  0.03    0.00    1.80 v _26821_/A (INV_X1)
     4   11.74    0.03    0.05    1.85 ^ _26821_/ZN (INV_X1)
                                         _21960_ (net)
                  0.03    0.00    1.85 ^ _41832_/B (HA_X1)
     3    5.13    0.02    0.05    1.89 ^ _41832_/CO (HA_X1)
                                         _21963_ (net)
                  0.02    0.00    1.89 ^ _26834_/A1 (NOR2_X1)
     2    4.40    0.01    0.01    1.91 v _26834_/ZN (NOR2_X1)
                                         _03522_ (net)
                  0.01    0.00    1.91 v _26840_/B (OAI211_X2)
     1    1.67    0.02    0.02    1.93 ^ _26840_/ZN (OAI211_X2)
                                         _03528_ (net)
                  0.02    0.00    1.93 ^ _26841_/A (OAI21_X1)
     1    0.90    0.01    0.02    1.95 v _26841_/ZN (OAI21_X1)
                                         _03529_ (net)
                  0.01    0.00    1.95 v _26842_/A3 (OR3_X1)
     5    7.13    0.02    0.09    2.05 v _26842_/ZN (OR3_X1)
                                         _03530_ (net)
                  0.02    0.00    2.05 v _26934_/B2 (OAI21_X1)
     4    7.25    0.04    0.06    2.11 ^ _26934_/ZN (OAI21_X1)
                                         _03620_ (net)
                  0.04    0.00    2.11 ^ _27075_/A (AOI211_X2)
     1    0.85    0.02    0.02    2.13 v _27075_/ZN (AOI211_X2)
                                         _03759_ (net)
                  0.02    0.00    2.13 v _27078_/A3 (OR4_X1)
     2    2.34    0.02    0.12    2.25 v _27078_/ZN (OR4_X1)
                                         _03762_ (net)
                  0.02    0.00    2.25 v _27079_/A4 (AND4_X1)
     2    3.01    0.01    0.05    2.29 v _27079_/ZN (AND4_X1)
                                         _03763_ (net)
                  0.01    0.00    2.29 v _27080_/A3 (NOR3_X1)
     1    1.66    0.03    0.05    2.34 ^ _27080_/ZN (NOR3_X1)
                                         _03764_ (net)
                  0.03    0.00    2.34 ^ _27081_/A4 (NAND4_X1)
     3    7.58    0.04    0.06    2.40 v _27081_/ZN (NAND4_X1)
                                         _03765_ (net)
                  0.04    0.00    2.40 v _27082_/B (XOR2_X2)
     6   13.74    0.03    0.08    2.47 v _27082_/Z (XOR2_X2)
                                         _03766_ (net)
                  0.03    0.00    2.47 v _27096_/A (INV_X4)
     7   13.96    0.01    0.03    2.50 ^ _27096_/ZN (INV_X4)
                                         _21972_ (net)
                  0.01    0.00    2.50 ^ _41835_/B (HA_X1)
     2    5.04    0.02    0.04    2.54 ^ _41835_/CO (HA_X1)
                                         _21973_ (net)
                  0.02    0.00    2.54 ^ _41838_/B (HA_X1)
     2    3.82    0.01    0.04    2.58 ^ _41838_/CO (HA_X1)
                                         _21981_ (net)
                  0.01    0.00    2.58 ^ _27197_/A1 (NAND3_X1)
     1    2.41    0.01    0.02    2.60 v _27197_/ZN (NAND3_X1)
                                         _03863_ (net)
                  0.01    0.00    2.60 v _27198_/B (XOR2_X1)
     3    4.19    0.01    0.06    2.66 v _27198_/Z (XOR2_X1)
                                         _03864_ (net)
                  0.01    0.00    2.66 v _27199_/S (MUX2_X1)
     1    1.55    0.01    0.05    2.71 v _27199_/Z (MUX2_X1)
                                         _03865_ (net)
                  0.01    0.00    2.71 v _27200_/B2 (OAI22_X1)
     1    1.63    0.03    0.04    2.75 ^ _27200_/ZN (OAI22_X1)
                                         _03866_ (net)
                  0.03    0.00    2.75 ^ _27205_/A (AOI21_X1)
     1    1.05    0.01    0.02    2.77 v _27205_/ZN (AOI21_X1)
                                         _00117_ (net)
                  0.01    0.00    2.77 v g_reduce0[8].adder.x[14]$_DFF_PN0_/D (DFFR_X1)
                                  2.77   data arrival time

                  0.00    3.00    3.00   clock clk (rise edge)
                          0.15    3.15   clock network delay (ideal)
                         -0.01    3.13   clock uncertainty
                          0.00    3.13   clock reconvergence pessimism
                                  3.13 ^ g_reduce0[8].adder.x[14]$_DFF_PN0_/CK (DFFR_X1)
                         -0.04    3.09   library setup time
                                  3.09   data required time
-----------------------------------------------------------------------------
                                  3.09   data required time
                                 -2.77   data arrival time
-----------------------------------------------------------------------------
                                  0.32   slack (MET)



==========================================================================
floorplan final report_power
--------------------------------------------------------------------------
Group                  Internal  Switching    Leakage      Total
                          Power      Power      Power      Power (Watts)
----------------------------------------------------------------
Sequential             5.71e-03   8.93e-04   1.03e-04   6.70e-03   4.9%
Combinational          7.00e-02   5.85e-02   6.08e-04   1.29e-01  95.1%
Clock                  0.00e+00   0.00e+00   0.00e+00   0.00e+00   0.0%
Macro                  0.00e+00   0.00e+00   0.00e+00   0.00e+00   0.0%
Pad                    0.00e+00   0.00e+00   0.00e+00   0.00e+00   0.0%
----------------------------------------------------------------
Total                  7.57e-02   5.94e-02   7.11e-04   1.36e-01 100.0%
                          55.7%      43.7%       0.5%
