
==========================================================================
global place report_tns
--------------------------------------------------------------------------
tns 0.00

==========================================================================
global place report_wns
--------------------------------------------------------------------------
wns 0.00

==========================================================================
global place report_worst_slack
--------------------------------------------------------------------------
worst slack 0.20

==========================================================================
global place report_checks -path_delay min
--------------------------------------------------------------------------
Startpoint: g_row[3].g_col[0].mult.stage1.sign$_DFF_PN0_
            (rising edge-triggered flip-flop clocked by clk)
Endpoint: g_row[3].g_col[0].mult.x[15]$_DFF_PN0_
          (rising edge-triggered flip-flop clocked by clk)
Path Group: clk
Path Type: min

Fanout     Cap    Slew   Delay    Time   Description
-----------------------------------------------------------------------------
                  0.00    0.00    0.00   clock clk (rise edge)
                          0.15    0.15   clock network delay (ideal)
                  0.00    0.00    0.15 ^ g_row[3].g_col[0].mult.stage1.sign$_DFF_PN0_/CK (DFFR_X1)
     1    1.09    0.01    0.08    0.23 v g_row[3].g_col[0].mult.stage1.sign$_DFF_PN0_/Q (DFFR_X1)
                                         g_row[3].g_col[0].mult.sign (net)
                  0.01    0.00    0.23 v g_row[3].g_col[0].mult.x[15]$_DFF_PN0_/D (DFFR_X1)
                                  0.23   data arrival time

                  0.00    0.00    0.00   clock clk (rise edge)
                          0.15    0.15   clock network delay (ideal)
                          0.01    0.17   clock uncertainty
                          0.00    0.17   clock reconvergence pessimism
                                  0.17 ^ g_row[3].g_col[0].mult.x[15]$_DFF_PN0_/CK (DFFR_X1)
                          0.00    0.17   library hold time
                                  0.17   data required time
-----------------------------------------------------------------------------
                                  0.17   data required time
                                 -0.23   data arrival time
-----------------------------------------------------------------------------
                                  0.07   slack (MET)



==========================================================================
global place report_checks -path_delay max
--------------------------------------------------------------------------
Startpoint: rst (input port clocked by clk)
Endpoint: g_row[0].g_col[3].mult.stage1.expa[4]$_DFF_PN0_
          (recovery check against rising-edge clock clk)
Path Group: asynchronous
Path Type: max

Fanout     Cap    Slew   Delay    Time   Description
-----------------------------------------------------------------------------
                  0.00    0.00    0.00   clock clk (rise edge)
                          0.15    0.15   clock network delay (ideal)
                          0.15    0.30 ^ input external delay
  1205 2508.26    0.00    0.00    0.30 ^ rst (in)
                                         rst (net)
                  0.86    0.70    1.00 ^ g_row[0].g_col[3].mult.stage1.expa[4]$_DFF_PN0_/RN (DFFR_X1)
                                  1.00   data arrival time

                  0.00    3.00    3.00   clock clk (rise edge)
                          0.15    3.15   clock network delay (ideal)
                         -0.01    3.13   clock uncertainty
                          0.00    3.13   clock reconvergence pessimism
                                  3.13 ^ g_row[0].g_col[3].mult.stage1.expa[4]$_DFF_PN0_/CK (DFFR_X1)
                         -0.15    2.99   library recovery time
                                  2.99   data required time
-----------------------------------------------------------------------------
                                  2.99   data required time
                                 -1.00   data arrival time
-----------------------------------------------------------------------------
                                  1.99   slack (MET)


Startpoint: g_row[2].g_col[1].mult.x[13]$_DFF_PN0_
            (rising edge-triggered flip-flop clocked by clk)
Endpoint: g_reduce0[8].adder.x[14]$_DFF_PN0_
          (rising edge-triggered flip-flop clocked by clk)
Path Group: clk
Path Type: max

Fanout     Cap    Slew   Delay    Time   Description
-----------------------------------------------------------------------------
                  0.00    0.00    0.00   clock clk (rise edge)
                          0.15    0.15   clock network delay (ideal)
                  0.00    0.00    0.15 ^ g_row[2].g_col[1].mult.x[13]$_DFF_PN0_/CK (DFFR_X1)
     4    7.81    0.02    0.11    0.26 ^ g_row[2].g_col[1].mult.x[13]$_DFF_PN0_/Q (DFFR_X1)
                                         g_reduce0[8].adder.b[13] (net)
                  0.02    0.00    0.26 ^ _41795_/A (HA_X1)
     1    1.08    0.02    0.05    0.31 ^ _41795_/S (HA_X1)
                                         _21849_ (net)
                  0.02    0.00    0.31 ^ _26488_/A (BUF_X1)
     6   10.97    0.03    0.05    0.36 ^ _26488_/Z (BUF_X1)
                                         _03200_ (net)
                  0.03    0.00    0.36 ^ _26513_/A2 (NAND4_X1)
     1    3.76    0.02    0.04    0.40 v _26513_/ZN (NAND4_X1)
                                         _03225_ (net)
                  0.02    0.00    0.40 v _26514_/A4 (NOR4_X2)
     2    2.81    0.04    0.08    0.48 ^ _26514_/ZN (NOR4_X2)
                                         _03226_ (net)
                  0.04    0.00    0.48 ^ _26527_/A2 (AND2_X1)
     1    3.57    0.01    0.04    0.52 ^ _26527_/ZN (AND2_X1)
                                         _03238_ (net)
                  0.01    0.00    0.52 ^ _26528_/A (BUF_X4)
     9   17.62    0.01    0.03    0.55 ^ _26528_/Z (BUF_X4)
                                         _03239_ (net)
                  0.01    0.00    0.55 ^ _26529_/A2 (NOR2_X2)
    10   20.64    0.03    0.02    0.58 v _26529_/ZN (NOR2_X2)
                                         _03240_ (net)
                  0.03    0.00    0.58 v _26562_/A (BUF_X1)
    10   18.18    0.02    0.06    0.64 v _26562_/Z (BUF_X1)
                                         _03272_ (net)
                  0.02    0.00    0.64 v _38980_/A (BUF_X1)
    10   13.82    0.02    0.05    0.69 v _38980_/Z (BUF_X1)
                                         _12020_ (net)
                  0.02    0.00    0.69 v _39226_/A3 (NOR3_X1)
     1    1.81    0.03    0.05    0.74 ^ _39226_/ZN (NOR3_X1)
                                         _12119_ (net)
                  0.03    0.00    0.74 ^ _39227_/A (AOI21_X1)
     1    3.48    0.01    0.02    0.76 v _39227_/ZN (AOI21_X1)
                                         _21886_ (net)
                  0.01    0.00    0.76 v _41808_/B (HA_X1)
     3    4.83    0.01    0.04    0.80 v _41808_/CO (HA_X1)
                                         _21887_ (net)
                  0.01    0.00    0.80 v _26536_/A1 (NOR2_X1)
     3    5.56    0.03    0.04    0.84 ^ _26536_/ZN (NOR2_X1)
                                         _03246_ (net)
                  0.03    0.00    0.84 ^ _26584_/A (INV_X1)
     1    1.72    0.01    0.01    0.85 v _26584_/ZN (INV_X1)
                                         _03294_ (net)
                  0.01    0.00    0.85 v _26585_/A (AOI21_X1)
     2    3.52    0.03    0.05    0.90 ^ _26585_/ZN (AOI21_X1)
                                         _03295_ (net)
                  0.03    0.00    0.90 ^ _26587_/B1 (OAI21_X1)
     2    3.27    0.01    0.02    0.92 v _26587_/ZN (OAI21_X1)
                                         _03297_ (net)
                  0.01    0.00    0.92 v _26588_/A2 (NAND2_X1)
     4    6.62    0.02    0.03    0.95 ^ _26588_/ZN (NAND2_X1)
                                         _03298_ (net)
                  0.02    0.00    0.95 ^ _26589_/A (BUF_X1)
    10   18.99    0.04    0.07    1.02 ^ _26589_/Z (BUF_X1)
                                         _03299_ (net)
                  0.04    0.00    1.02 ^ _26614_/S (MUX2_X1)
     1    1.14    0.01    0.06    1.08 v _26614_/Z (MUX2_X1)
                                         _03322_ (net)
                  0.01    0.00    1.08 v _26617_/A (MUX2_X1)
     1    1.15    0.01    0.06    1.14 v _26617_/Z (MUX2_X1)
                                         _03325_ (net)
                  0.01    0.00    1.14 v _26618_/A2 (OR2_X1)
     3    8.11    0.02    0.06    1.20 v _26618_/ZN (OR2_X1)
                                         _14139_ (net)
                  0.02    0.00    1.20 v _26619_/A (INV_X1)
     2    7.12    0.02    0.03    1.23 ^ _26619_/ZN (INV_X1)
                                         _14133_ (net)
                  0.02    0.00    1.23 ^ _41810_/A (HA_X1)
     1    1.89    0.02    0.05    1.28 ^ _41810_/S (HA_X1)
                                         _21893_ (net)
                  0.02    0.00    1.28 ^ _26676_/B2 (AOI21_X1)
     1    2.04    0.01    0.02    1.30 v _26676_/ZN (AOI21_X1)
                                         _03366_ (net)
                  0.01    0.00    1.30 v _26677_/B2 (OAI21_X1)
     3    4.73    0.03    0.05    1.35 ^ _26677_/ZN (OAI21_X1)
                                         _03367_ (net)
                  0.03    0.00    1.35 ^ _26678_/A2 (AND2_X1)
     2    3.55    0.01    0.04    1.39 ^ _26678_/ZN (AND2_X1)
                                         _03368_ (net)
                  0.01    0.00    1.39 ^ _26687_/B1 (OAI221_X1)
     2    3.79    0.02    0.04    1.43 v _26687_/ZN (OAI221_X1)
                                         _03377_ (net)
                  0.02    0.00    1.43 v _26752_/A3 (NOR3_X1)
     1    1.70    0.03    0.05    1.48 ^ _26752_/ZN (NOR3_X1)
                                         _03442_ (net)
                  0.03    0.00    1.48 ^ _26753_/A3 (NOR3_X1)
     2    4.98    0.02    0.02    1.50 v _26753_/ZN (NOR3_X1)
                                         _03443_ (net)
                  0.02    0.00    1.50 v _26754_/B (XNOR2_X1)
     8   13.56    0.07    0.09    1.59 ^ _26754_/ZN (XNOR2_X1)
                                         _03444_ (net)
                  0.07    0.00    1.60 ^ _26781_/A (OAI21_X1)
     8   13.63    0.04    0.06    1.66 v _26781_/ZN (OAI21_X1)
                                         _03471_ (net)
                  0.04    0.00    1.66 v _26799_/A1 (NOR2_X1)
     6    8.90    0.05    0.07    1.73 ^ _26799_/ZN (NOR2_X1)
                                         _03489_ (net)
                  0.05    0.00    1.73 ^ _26806_/A1 (NAND2_X1)
     1    0.99    0.01    0.02    1.75 v _26806_/ZN (NAND2_X1)
                                         _03496_ (net)
                  0.01    0.00    1.75 v _26818_/B (MUX2_X1)
     3    6.09    0.01    0.07    1.82 v _26818_/Z (MUX2_X1)
                                         _03508_ (net)
                  0.01    0.00    1.82 v _26819_/A2 (NAND2_X1)
     4    8.97    0.03    0.04    1.85 ^ _26819_/ZN (NAND2_X1)
                                         _03509_ (net)
                  0.03    0.00    1.85 ^ _26820_/A2 (NAND2_X1)
     3    8.73    0.03    0.03    1.89 v _26820_/ZN (NAND2_X1)
                                         _21958_ (net)
                  0.03    0.00    1.89 v _26821_/A (INV_X1)
     4   12.36    0.03    0.05    1.94 ^ _26821_/ZN (INV_X1)
                                         _21960_ (net)
                  0.03    0.00    1.94 ^ _41832_/B (HA_X1)
     3    6.04    0.02    0.05    1.99 ^ _41832_/CO (HA_X1)
                                         _21963_ (net)
                  0.02    0.00    1.99 ^ _26834_/A1 (NOR2_X1)
     2    4.55    0.01    0.02    2.00 v _26834_/ZN (NOR2_X1)
                                         _03522_ (net)
                  0.01    0.00    2.00 v _26840_/B (OAI211_X2)
     1    1.83    0.02    0.02    2.03 ^ _26840_/ZN (OAI211_X2)
                                         _03528_ (net)
                  0.02    0.00    2.03 ^ _26841_/A (OAI21_X1)
     1    1.05    0.01    0.02    2.05 v _26841_/ZN (OAI21_X1)
                                         _03529_ (net)
                  0.01    0.00    2.05 v _26842_/A3 (OR3_X1)
     5    8.30    0.02    0.10    2.14 v _26842_/ZN (OR3_X1)
                                         _03530_ (net)
                  0.02    0.00    2.14 v _26934_/B2 (OAI21_X1)
     4    9.08    0.05    0.07    2.22 ^ _26934_/ZN (OAI21_X1)
                                         _03620_ (net)
                  0.05    0.00    2.22 ^ _27075_/A (AOI211_X2)
     1    0.96    0.02    0.02    2.24 v _27075_/ZN (AOI211_X2)
                                         _03759_ (net)
                  0.02    0.00    2.24 v _27078_/A3 (OR4_X1)
     2    3.00    0.02    0.12    2.35 v _27078_/ZN (OR4_X1)
                                         _03762_ (net)
                  0.02    0.00    2.35 v _27079_/A4 (AND4_X1)
     2    3.40    0.01    0.05    2.40 v _27079_/ZN (AND4_X1)
                                         _03763_ (net)
                  0.01    0.00    2.40 v _27080_/A3 (NOR3_X1)
     1    1.71    0.03    0.05    2.45 ^ _27080_/ZN (NOR3_X1)
                                         _03764_ (net)
                  0.03    0.00    2.45 ^ _27081_/A4 (NAND4_X1)
     3    8.09    0.04    0.06    2.51 v _27081_/ZN (NAND4_X1)
                                         _03765_ (net)
                  0.04    0.00    2.51 v _27082_/B (XOR2_X2)
     6   14.71    0.03    0.08    2.59 v _27082_/Z (XOR2_X2)
                                         _03766_ (net)
                  0.03    0.00    2.59 v _27096_/A (INV_X4)
     7   14.82    0.01    0.03    2.61 ^ _27096_/ZN (INV_X4)
                                         _21972_ (net)
                  0.01    0.00    2.61 ^ _41835_/B (HA_X1)
     2    5.86    0.02    0.04    2.66 ^ _41835_/CO (HA_X1)
                                         _21973_ (net)
                  0.02    0.00    2.66 ^ _41838_/B (HA_X1)
     2    3.94    0.01    0.04    2.70 ^ _41838_/CO (HA_X1)
                                         _21981_ (net)
                  0.01    0.00    2.70 ^ _27197_/A1 (NAND3_X1)
     1    2.50    0.01    0.02    2.72 v _27197_/ZN (NAND3_X1)
                                         _03863_ (net)
                  0.01    0.00    2.72 v _27198_/B (XOR2_X1)
     3    4.85    0.01    0.06    2.78 v _27198_/Z (XOR2_X1)
                                         _03864_ (net)
                  0.01    0.00    2.78 v _27199_/S (MUX2_X1)
     1    1.69    0.01    0.05    2.83 ^ _27199_/Z (MUX2_X1)
                                         _03865_ (net)
                  0.01    0.00    2.83 ^ _27200_/B2 (OAI22_X1)
     1    1.70    0.02    0.02    2.85 v _27200_/ZN (OAI22_X1)
                                         _03866_ (net)
                  0.02    0.00    2.85 v _27205_/A (AOI21_X1)
     1    2.02    0.02    0.05    2.90 ^ _27205_/ZN (AOI21_X1)
                                         _00117_ (net)
                  0.02    0.00    2.90 ^ g_reduce0[8].adder.x[14]$_DFF_PN0_/D (DFFR_X1)
                                  2.90   data arrival time

                  0.00    3.00    3.00   clock clk (rise edge)
                          0.15    3.15   clock network delay (ideal)
                         -0.01    3.13   clock uncertainty
                          0.00    3.13   clock reconvergence pessimism
                                  3.13 ^ g_reduce0[8].adder.x[14]$_DFF_PN0_/CK (DFFR_X1)
                         -0.04    3.10   library setup time
                                  3.10   data required time
-----------------------------------------------------------------------------
                                  3.10   data required time
                                 -2.90   data arrival time
-----------------------------------------------------------------------------
                                  0.20   slack (MET)



==========================================================================
global place report_checks -unconstrained
--------------------------------------------------------------------------
Startpoint: rst (input port clocked by clk)
Endpoint: g_row[0].g_col[3].mult.stage1.expa[4]$_DFF_PN0_
          (recovery check against rising-edge clock clk)
Path Group: asynchronous
Path Type: max

Fanout     Cap    Slew   Delay    Time   Description
-----------------------------------------------------------------------------
                  0.00    0.00    0.00   clock clk (rise edge)
                          0.15    0.15   clock network delay (ideal)
                          0.15    0.30 ^ input external delay
  1205 2508.26    0.00    0.00    0.30 ^ rst (in)
                                         rst (net)
                  0.86    0.70    1.00 ^ g_row[0].g_col[3].mult.stage1.expa[4]$_DFF_PN0_/RN (DFFR_X1)
                                  1.00   data arrival time

                  0.00    3.00    3.00   clock clk (rise edge)
                          0.15    3.15   clock network delay (ideal)
                         -0.01    3.13   clock uncertainty
                          0.00    3.13   clock reconvergence pessimism
                                  3.13 ^ g_row[0].g_col[3].mult.stage1.expa[4]$_DFF_PN0_/CK (DFFR_X1)
                         -0.15    2.99   library recovery time
                                  2.99   data required time
-----------------------------------------------------------------------------
                                  2.99   data required time
                                 -1.00   data arrival time
-----------------------------------------------------------------------------
                                  1.99   slack (MET)


Startpoint: g_row[2].g_col[1].mult.x[13]$_DFF_PN0_
            (rising edge-triggered flip-flop clocked by clk)
Endpoint: g_reduce0[8].adder.x[14]$_DFF_PN0_
          (rising edge-triggered flip-flop clocked by clk)
Path Group: clk
Path Type: max

Fanout     Cap    Slew   Delay    Time   Description
-----------------------------------------------------------------------------
                  0.00    0.00    0.00   clock clk (rise edge)
                          0.15    0.15   clock network delay (ideal)
                  0.00    0.00    0.15 ^ g_row[2].g_col[1].mult.x[13]$_DFF_PN0_/CK (DFFR_X1)
     4    7.81    0.02    0.11    0.26 ^ g_row[2].g_col[1].mult.x[13]$_DFF_PN0_/Q (DFFR_X1)
                                         g_reduce0[8].adder.b[13] (net)
                  0.02    0.00    0.26 ^ _41795_/A (HA_X1)
     1    1.08    0.02    0.05    0.31 ^ _41795_/S (HA_X1)
                                         _21849_ (net)
                  0.02    0.00    0.31 ^ _26488_/A (BUF_X1)
     6   10.97    0.03    0.05    0.36 ^ _26488_/Z (BUF_X1)
                                         _03200_ (net)
                  0.03    0.00    0.36 ^ _26513_/A2 (NAND4_X1)
     1    3.76    0.02    0.04    0.40 v _26513_/ZN (NAND4_X1)
                                         _03225_ (net)
                  0.02    0.00    0.40 v _26514_/A4 (NOR4_X2)
     2    2.81    0.04    0.08    0.48 ^ _26514_/ZN (NOR4_X2)
                                         _03226_ (net)
                  0.04    0.00    0.48 ^ _26527_/A2 (AND2_X1)
     1    3.57    0.01    0.04    0.52 ^ _26527_/ZN (AND2_X1)
                                         _03238_ (net)
                  0.01    0.00    0.52 ^ _26528_/A (BUF_X4)
     9   17.62    0.01    0.03    0.55 ^ _26528_/Z (BUF_X4)
                                         _03239_ (net)
                  0.01    0.00    0.55 ^ _26529_/A2 (NOR2_X2)
    10   20.64    0.03    0.02    0.58 v _26529_/ZN (NOR2_X2)
                                         _03240_ (net)
                  0.03    0.00    0.58 v _26562_/A (BUF_X1)
    10   18.18    0.02    0.06    0.64 v _26562_/Z (BUF_X1)
                                         _03272_ (net)
                  0.02    0.00    0.64 v _38980_/A (BUF_X1)
    10   13.82    0.02    0.05    0.69 v _38980_/Z (BUF_X1)
                                         _12020_ (net)
                  0.02    0.00    0.69 v _39226_/A3 (NOR3_X1)
     1    1.81    0.03    0.05    0.74 ^ _39226_/ZN (NOR3_X1)
                                         _12119_ (net)
                  0.03    0.00    0.74 ^ _39227_/A (AOI21_X1)
     1    3.48    0.01    0.02    0.76 v _39227_/ZN (AOI21_X1)
                                         _21886_ (net)
                  0.01    0.00    0.76 v _41808_/B (HA_X1)
     3    4.83    0.01    0.04    0.80 v _41808_/CO (HA_X1)
                                         _21887_ (net)
                  0.01    0.00    0.80 v _26536_/A1 (NOR2_X1)
     3    5.56    0.03    0.04    0.84 ^ _26536_/ZN (NOR2_X1)
                                         _03246_ (net)
                  0.03    0.00    0.84 ^ _26584_/A (INV_X1)
     1    1.72    0.01    0.01    0.85 v _26584_/ZN (INV_X1)
                                         _03294_ (net)
                  0.01    0.00    0.85 v _26585_/A (AOI21_X1)
     2    3.52    0.03    0.05    0.90 ^ _26585_/ZN (AOI21_X1)
                                         _03295_ (net)
                  0.03    0.00    0.90 ^ _26587_/B1 (OAI21_X1)
     2    3.27    0.01    0.02    0.92 v _26587_/ZN (OAI21_X1)
                                         _03297_ (net)
                  0.01    0.00    0.92 v _26588_/A2 (NAND2_X1)
     4    6.62    0.02    0.03    0.95 ^ _26588_/ZN (NAND2_X1)
                                         _03298_ (net)
                  0.02    0.00    0.95 ^ _26589_/A (BUF_X1)
    10   18.99    0.04    0.07    1.02 ^ _26589_/Z (BUF_X1)
                                         _03299_ (net)
                  0.04    0.00    1.02 ^ _26614_/S (MUX2_X1)
     1    1.14    0.01    0.06    1.08 v _26614_/Z (MUX2_X1)
                                         _03322_ (net)
                  0.01    0.00    1.08 v _26617_/A (MUX2_X1)
     1    1.15    0.01    0.06    1.14 v _26617_/Z (MUX2_X1)
                                         _03325_ (net)
                  0.01    0.00    1.14 v _26618_/A2 (OR2_X1)
     3    8.11    0.02    0.06    1.20 v _26618_/ZN (OR2_X1)
                                         _14139_ (net)
                  0.02    0.00    1.20 v _26619_/A (INV_X1)
     2    7.12    0.02    0.03    1.23 ^ _26619_/ZN (INV_X1)
                                         _14133_ (net)
                  0.02    0.00    1.23 ^ _41810_/A (HA_X1)
     1    1.89    0.02    0.05    1.28 ^ _41810_/S (HA_X1)
                                         _21893_ (net)
                  0.02    0.00    1.28 ^ _26676_/B2 (AOI21_X1)
     1    2.04    0.01    0.02    1.30 v _26676_/ZN (AOI21_X1)
                                         _03366_ (net)
                  0.01    0.00    1.30 v _26677_/B2 (OAI21_X1)
     3    4.73    0.03    0.05    1.35 ^ _26677_/ZN (OAI21_X1)
                                         _03367_ (net)
                  0.03    0.00    1.35 ^ _26678_/A2 (AND2_X1)
     2    3.55    0.01    0.04    1.39 ^ _26678_/ZN (AND2_X1)
                                         _03368_ (net)
                  0.01    0.00    1.39 ^ _26687_/B1 (OAI221_X1)
     2    3.79    0.02    0.04    1.43 v _26687_/ZN (OAI221_X1)
                                         _03377_ (net)
                  0.02    0.00    1.43 v _26752_/A3 (NOR3_X1)
     1    1.70    0.03    0.05    1.48 ^ _26752_/ZN (NOR3_X1)
                                         _03442_ (net)
                  0.03    0.00    1.48 ^ _26753_/A3 (NOR3_X1)
     2    4.98    0.02    0.02    1.50 v _26753_/ZN (NOR3_X1)
                                         _03443_ (net)
                  0.02    0.00    1.50 v _26754_/B (XNOR2_X1)
     8   13.56    0.07    0.09    1.59 ^ _26754_/ZN (XNOR2_X1)
                                         _03444_ (net)
                  0.07    0.00    1.60 ^ _26781_/A (OAI21_X1)
     8   13.63    0.04    0.06    1.66 v _26781_/ZN (OAI21_X1)
                                         _03471_ (net)
                  0.04    0.00    1.66 v _26799_/A1 (NOR2_X1)
     6    8.90    0.05    0.07    1.73 ^ _26799_/ZN (NOR2_X1)
                                         _03489_ (net)
                  0.05    0.00    1.73 ^ _26806_/A1 (NAND2_X1)
     1    0.99    0.01    0.02    1.75 v _26806_/ZN (NAND2_X1)
                                         _03496_ (net)
                  0.01    0.00    1.75 v _26818_/B (MUX2_X1)
     3    6.09    0.01    0.07    1.82 v _26818_/Z (MUX2_X1)
                                         _03508_ (net)
                  0.01    0.00    1.82 v _26819_/A2 (NAND2_X1)
     4    8.97    0.03    0.04    1.85 ^ _26819_/ZN (NAND2_X1)
                                         _03509_ (net)
                  0.03    0.00    1.85 ^ _26820_/A2 (NAND2_X1)
     3    8.73    0.03    0.03    1.89 v _26820_/ZN (NAND2_X1)
                                         _21958_ (net)
                  0.03    0.00    1.89 v _26821_/A (INV_X1)
     4   12.36    0.03    0.05    1.94 ^ _26821_/ZN (INV_X1)
                                         _21960_ (net)
                  0.03    0.00    1.94 ^ _41832_/B (HA_X1)
     3    6.04    0.02    0.05    1.99 ^ _41832_/CO (HA_X1)
                                         _21963_ (net)
                  0.02    0.00    1.99 ^ _26834_/A1 (NOR2_X1)
     2    4.55    0.01    0.02    2.00 v _26834_/ZN (NOR2_X1)
                                         _03522_ (net)
                  0.01    0.00    2.00 v _26840_/B (OAI211_X2)
     1    1.83    0.02    0.02    2.03 ^ _26840_/ZN (OAI211_X2)
                                         _03528_ (net)
                  0.02    0.00    2.03 ^ _26841_/A (OAI21_X1)
     1    1.05    0.01    0.02    2.05 v _26841_/ZN (OAI21_X1)
                                         _03529_ (net)
                  0.01    0.00    2.05 v _26842_/A3 (OR3_X1)
     5    8.30    0.02    0.10    2.14 v _26842_/ZN (OR3_X1)
                                         _03530_ (net)
                  0.02    0.00    2.14 v _26934_/B2 (OAI21_X1)
     4    9.08    0.05    0.07    2.22 ^ _26934_/ZN (OAI21_X1)
                                         _03620_ (net)
                  0.05    0.00    2.22 ^ _27075_/A (AOI211_X2)
     1    0.96    0.02    0.02    2.24 v _27075_/ZN (AOI211_X2)
                                         _03759_ (net)
                  0.02    0.00    2.24 v _27078_/A3 (OR4_X1)
     2    3.00    0.02    0.12    2.35 v _27078_/ZN (OR4_X1)
                                         _03762_ (net)
                  0.02    0.00    2.35 v _27079_/A4 (AND4_X1)
     2    3.40    0.01    0.05    2.40 v _27079_/ZN (AND4_X1)
                                         _03763_ (net)
                  0.01    0.00    2.40 v _27080_/A3 (NOR3_X1)
     1    1.71    0.03    0.05    2.45 ^ _27080_/ZN (NOR3_X1)
                                         _03764_ (net)
                  0.03    0.00    2.45 ^ _27081_/A4 (NAND4_X1)
     3    8.09    0.04    0.06    2.51 v _27081_/ZN (NAND4_X1)
                                         _03765_ (net)
                  0.04    0.00    2.51 v _27082_/B (XOR2_X2)
     6   14.71    0.03    0.08    2.59 v _27082_/Z (XOR2_X2)
                                         _03766_ (net)
                  0.03    0.00    2.59 v _27096_/A (INV_X4)
     7   14.82    0.01    0.03    2.61 ^ _27096_/ZN (INV_X4)
                                         _21972_ (net)
                  0.01    0.00    2.61 ^ _41835_/B (HA_X1)
     2    5.86    0.02    0.04    2.66 ^ _41835_/CO (HA_X1)
                                         _21973_ (net)
                  0.02    0.00    2.66 ^ _41838_/B (HA_X1)
     2    3.94    0.01    0.04    2.70 ^ _41838_/CO (HA_X1)
                                         _21981_ (net)
                  0.01    0.00    2.70 ^ _27197_/A1 (NAND3_X1)
     1    2.50    0.01    0.02    2.72 v _27197_/ZN (NAND3_X1)
                                         _03863_ (net)
                  0.01    0.00    2.72 v _27198_/B (XOR2_X1)
     3    4.85    0.01    0.06    2.78 v _27198_/Z (XOR2_X1)
                                         _03864_ (net)
                  0.01    0.00    2.78 v _27199_/S (MUX2_X1)
     1    1.69    0.01    0.05    2.83 ^ _27199_/Z (MUX2_X1)
                                         _03865_ (net)
                  0.01    0.00    2.83 ^ _27200_/B2 (OAI22_X1)
     1    1.70    0.02    0.02    2.85 v _27200_/ZN (OAI22_X1)
                                         _03866_ (net)
                  0.02    0.00    2.85 v _27205_/A (AOI21_X1)
     1    2.02    0.02    0.05    2.90 ^ _27205_/ZN (AOI21_X1)
                                         _00117_ (net)
                  0.02    0.00    2.90 ^ g_reduce0[8].adder.x[14]$_DFF_PN0_/D (DFFR_X1)
                                  2.90   data arrival time

                  0.00    3.00    3.00   clock clk (rise edge)
                          0.15    3.15   clock network delay (ideal)
                         -0.01    3.13   clock uncertainty
                          0.00    3.13   clock reconvergence pessimism
                                  3.13 ^ g_reduce0[8].adder.x[14]$_DFF_PN0_/CK (DFFR_X1)
                         -0.04    3.10   library setup time
                                  3.10   data required time
-----------------------------------------------------------------------------
                                  3.10   data required time
                                 -2.90   data arrival time
-----------------------------------------------------------------------------
                                  0.20   slack (MET)



==========================================================================
global place report_power
--------------------------------------------------------------------------
Group                  Internal  Switching    Leakage      Total
                          Power      Power      Power      Power (Watts)
----------------------------------------------------------------
Sequential             5.77e-03   1.12e-03   1.03e-04   6.99e-03   4.7%
Combinational          7.05e-02   7.04e-02   6.08e-04   1.42e-01  95.3%
Clock                  0.00e+00   0.00e+00   0.00e+00   0.00e+00   0.0%
Macro                  0.00e+00   0.00e+00   0.00e+00   0.00e+00   0.0%
Pad                    0.00e+00   0.00e+00   0.00e+00   0.00e+00   0.0%
----------------------------------------------------------------
Total                  7.63e-02   7.15e-02   7.11e-04   1.49e-01 100.0%
                          51.4%      48.2%       0.5%
