
==========================================================================
finish report_tns
--------------------------------------------------------------------------
tns 0.00

==========================================================================
finish report_wns
--------------------------------------------------------------------------
wns 0.00

==========================================================================
finish report_worst_slack
--------------------------------------------------------------------------
worst slack 0.11

==========================================================================
finish report_clock_skew
--------------------------------------------------------------------------
Clock clk
   0.38 source latency g_row[0].g_col[3].mult.stage1.expa[4]$_DFF_PN0_/CK ^
  -0.36 target latency g_row[0].g_col[3].mult.x[3]$_DFF_PN0_/CK ^
   0.01 clock uncertainty
   0.00 CRPR
--------------
   0.03 setup skew


==========================================================================
finish report_checks -path_delay min
--------------------------------------------------------------------------
Startpoint: g_row[1].g_col[2].mult.stage1.sign$_DFF_PN0_
            (rising edge-triggered flip-flop clocked by clk)
Endpoint: g_row[1].g_col[2].mult.x[15]$_DFF_PN0_
          (rising edge-triggered flip-flop clocked by clk)
Path Group: clk
Path Type: min

Fanout     Cap    Slew   Delay    Time   Description
-----------------------------------------------------------------------------
                          0.00    0.00   clock clk (rise edge)
                          0.15    0.15   clock source latency
     1   19.78    0.00    0.00    0.15 ^ clk (in)
                                         clk (net)
                  0.00    0.00    0.15 ^ clkbuf_0_clk/A (CLKBUF_X3)
    16   85.50    0.06    0.09    0.24 ^ clkbuf_0_clk/Z (CLKBUF_X3)
                                         clknet_0_clk (net)
                  0.06    0.00    0.25 ^ clkbuf_4_13_0_clk/A (CLKBUF_X3)
    12   36.98    0.03    0.08    0.32 ^ clkbuf_4_13_0_clk/Z (CLKBUF_X3)
                                         clknet_4_13_0_clk (net)
                  0.03    0.00    0.32 ^ clkbuf_leaf_105_clk/A (CLKBUF_X3)
     5   10.77    0.01    0.04    0.37 ^ clkbuf_leaf_105_clk/Z (CLKBUF_X3)
                                         clknet_leaf_105_clk (net)
                  0.01    0.00    0.37 ^ g_row[1].g_col[2].mult.stage1.sign$_DFF_PN0_/CK (DFFR_X1)
     1    4.29    0.01    0.09    0.46 v g_row[1].g_col[2].mult.stage1.sign$_DFF_PN0_/Q (DFFR_X1)
                                         g_row[1].g_col[2].mult.sign (net)
                  0.01    0.00    0.46 v g_row[1].g_col[2].mult.x[15]$_DFF_PN0_/D (DFFR_X2)
                                  0.46   data arrival time

                          0.00    0.00   clock clk (rise edge)
                          0.15    0.15   clock source latency
     1   19.78    0.00    0.00    0.15 ^ clk (in)
                                         clk (net)
                  0.00    0.00    0.15 ^ clkbuf_0_clk/A (CLKBUF_X3)
    16   85.50    0.06    0.09    0.24 ^ clkbuf_0_clk/Z (CLKBUF_X3)
                                         clknet_0_clk (net)
                  0.06    0.00    0.25 ^ clkbuf_4_15_0_clk/A (CLKBUF_X3)
    15   42.70    0.03    0.08    0.33 ^ clkbuf_4_15_0_clk/Z (CLKBUF_X3)
                                         clknet_4_15_0_clk (net)
                  0.03    0.00    0.33 ^ clkbuf_leaf_101_clk/A (CLKBUF_X3)
     7    9.60    0.01    0.04    0.38 ^ clkbuf_leaf_101_clk/Z (CLKBUF_X3)
                                         clknet_leaf_101_clk (net)
                  0.01    0.00    0.38 ^ g_row[1].g_col[2].mult.x[15]$_DFF_PN0_/CK (DFFR_X2)
                          0.01    0.39   clock uncertainty
                          0.00    0.39   clock reconvergence pessimism
                          0.00    0.39   library hold time
                                  0.39   data required time
-----------------------------------------------------------------------------
                                  0.39   data required time
                                 -0.46   data arrival time
-----------------------------------------------------------------------------
                                  0.07   slack (MET)



==========================================================================
finish report_checks -path_delay max
--------------------------------------------------------------------------
Startpoint: rst (input port clocked by clk)
Endpoint: g_reduce1[4].adder.x[9]$_DFF_PN0_
          (recovery check against rising-edge clock clk)
Path Group: asynchronous
Path Type: max

Fanout     Cap    Slew   Delay    Time   Description
-----------------------------------------------------------------------------
                          0.00    0.00   clock clk (rise edge)
                          0.15    0.15   clock network delay (propagated)
                          0.15    0.30 ^ input external delay
     1    1.13    0.00    0.00    0.30 ^ rst (in)
                                         rst (net)
                  0.00    0.00    0.30 ^ input276/A (BUF_X1)
   117  253.18    0.53    0.51    0.81 ^ input276/Z (BUF_X1)
                                         net276 (net)
                  0.53    0.06    0.87 ^ max_length350/A (BUF_X1)
   112  249.23    0.52    0.55    1.42 ^ max_length350/Z (BUF_X1)
                                         net350 (net)
                  0.54    0.12    1.54 ^ max_length349/A (BUF_X1)
   168  369.90    0.78    0.84    2.39 ^ max_length349/Z (BUF_X1)
                                         net349 (net)
                  0.78    0.06    2.44 ^ max_length348/A (BUF_X2)
   145  327.15    0.33    0.35    2.79 ^ max_length348/Z (BUF_X2)
                                         net348 (net)
                  0.37    0.14    2.92 ^ g_reduce1[4].adder.x[9]$_DFF_PN0_/RN (DFFR_X1)
                                  2.92   data arrival time

                          3.00    3.00   clock clk (rise edge)
                          0.15    3.15   clock source latency
     1   19.78    0.00    0.00    3.15 ^ clk (in)
                                         clk (net)
                  0.00    0.00    3.15 ^ clkbuf_0_clk/A (CLKBUF_X3)
    16   85.50    0.06    0.09    3.24 ^ clkbuf_0_clk/Z (CLKBUF_X3)
                                         clknet_0_clk (net)
                  0.06    0.00    3.25 ^ clkbuf_4_13_0_clk/A (CLKBUF_X3)
    12   36.98    0.03    0.08    3.32 ^ clkbuf_4_13_0_clk/Z (CLKBUF_X3)
                                         clknet_4_13_0_clk (net)
                  0.03    0.00    3.32 ^ clkbuf_leaf_105_clk/A (CLKBUF_X3)
     5   10.77    0.01    0.04    3.37 ^ clkbuf_leaf_105_clk/Z (CLKBUF_X3)
                                         clknet_leaf_105_clk (net)
                  0.01    0.00    3.37 ^ g_reduce1[4].adder.x[9]$_DFF_PN0_/CK (DFFR_X1)
                         -0.01    3.35   clock uncertainty
                          0.00    3.35   clock reconvergence pessimism
                         -0.02    3.33   library recovery time
                                  3.33   data required time
-----------------------------------------------------------------------------
                                  3.33   data required time
                                 -2.92   data arrival time
-----------------------------------------------------------------------------
                                  0.40   slack (MET)


Startpoint: g_row[0].g_col[2].mult.x[11]$_DFF_PN0_
            (rising edge-triggered flip-flop clocked by clk)
Endpoint: g_reduce0[2].adder.x[14]$_DFF_PN0_
          (rising edge-triggered flip-flop clocked by clk)
Path Group: clk
Path Type: max

Fanout     Cap    Slew   Delay    Time   Description
-----------------------------------------------------------------------------
                          0.00    0.00   clock clk (rise edge)
                          0.15    0.15   clock source latency
     1   19.78    0.00    0.00    0.15 ^ clk (in)
                                         clk (net)
                  0.00    0.00    0.15 ^ clkbuf_0_clk/A (CLKBUF_X3)
    16   85.50    0.06    0.09    0.24 ^ clkbuf_0_clk/Z (CLKBUF_X3)
                                         clknet_0_clk (net)
                  0.06    0.00    0.25 ^ clkbuf_4_12_0_clk/A (CLKBUF_X3)
    12   37.02    0.03    0.07    0.32 ^ clkbuf_4_12_0_clk/Z (CLKBUF_X3)
                                         clknet_4_12_0_clk (net)
                  0.03    0.00    0.33 ^ clkbuf_leaf_112_clk/A (CLKBUF_X3)
     8   13.43    0.01    0.05    0.37 ^ clkbuf_leaf_112_clk/Z (CLKBUF_X3)
                                         clknet_leaf_112_clk (net)
                  0.01    0.00    0.37 ^ g_row[0].g_col[2].mult.x[11]$_DFF_PN0_/CK (DFFR_X2)
     4   14.04    0.02    0.14    0.52 ^ g_row[0].g_col[2].mult.x[11]$_DFF_PN0_/Q (DFFR_X2)
                                         g_reduce0[2].adder.a[11] (net)
                  0.02    0.00    0.52 ^ _41657_/B (HA_X1)
     5   15.22    0.08    0.12    0.63 ^ _41657_/S (HA_X1)
                                         _21417_ (net)
                  0.08    0.00    0.63 ^ _24110_/A (INV_X2)
     3   10.11    0.02    0.02    0.65 v _24110_/ZN (INV_X2)
                                         _00962_ (net)
                  0.02    0.00    0.66 v _24114_/A3 (NOR4_X1)
     5   15.15    0.16    0.22    0.88 ^ _24114_/ZN (NOR4_X1)
                                         _00966_ (net)
                  0.16    0.00    0.88 ^ _24142_/A (BUF_X1)
    10   37.27    0.09    0.12    1.00 ^ _24142_/Z (BUF_X1)
                                         _00994_ (net)
                  0.09    0.00    1.00 ^ _24143_/B2 (AOI21_X4)
     7   19.24    0.02    0.03    1.03 v _24143_/ZN (AOI21_X4)
                                         _00995_ (net)
                  0.02    0.00    1.03 v _38947_/A (BUF_X1)
    10   20.63    0.02    0.06    1.09 v _38947_/Z (BUF_X1)
                                         _12006_ (net)
                  0.02    0.00    1.09 v _39166_/A3 (NOR3_X1)
     1    1.72    0.03    0.05    1.15 ^ _39166_/ZN (NOR3_X1)
                                         _12089_ (net)
                  0.03    0.00    1.15 ^ _39168_/A (AOI21_X1)
     1    3.57    0.01    0.02    1.17 v _39168_/ZN (AOI21_X1)
                                         _21451_ (net)
                  0.01    0.00    1.17 v _41669_/B (HA_X1)
     2    7.02    0.01    0.04    1.21 v _41669_/CO (HA_X1)
                                         _21452_ (net)
                  0.01    0.00    1.21 v _24213_/A1 (OR3_X2)
     2    8.02    0.02    0.07    1.28 v _24213_/ZN (OR3_X2)
                                         _01063_ (net)
                  0.02    0.00    1.28 v _24214_/B2 (OAI21_X1)
     3   10.24    0.06    0.08    1.36 ^ _24214_/ZN (OAI21_X1)
                                         _01064_ (net)
                  0.06    0.00    1.36 ^ _24217_/A1 (NAND2_X2)
     5   13.70    0.02    0.04    1.39 v _24217_/ZN (NAND2_X2)
                                         _01067_ (net)
                  0.02    0.00    1.39 v _24218_/A (BUF_X1)
    10   21.65    0.02    0.06    1.45 v _24218_/Z (BUF_X1)
                                         _01068_ (net)
                  0.02    0.00    1.46 v _24273_/S (MUX2_X1)
     1    1.87    0.01    0.06    1.51 ^ _24273_/Z (MUX2_X1)
                                         _01123_ (net)
                  0.01    0.00    1.51 ^ _24274_/B1 (OAI22_X1)
     1    2.37    0.01    0.02    1.53 v _24274_/ZN (OAI22_X1)
                                         _01124_ (net)
                  0.01    0.00    1.53 v _24275_/A2 (NAND2_X1)
     2    5.39    0.02    0.03    1.56 ^ _24275_/ZN (NAND2_X1)
                                         _21520_ (net)
                  0.02    0.00    1.56 ^ _24276_/A (INV_X1)
     1    3.18    0.01    0.01    1.57 v _24276_/ZN (INV_X1)
                                         _21517_ (net)
                  0.01    0.00    1.57 v _41689_/A (HA_X1)
     2    5.74    0.01    0.03    1.61 v _41689_/CO (HA_X1)
                                         _14088_ (net)
                  0.01    0.00    1.61 v _39498_/A (FA_X1)
     2    7.72    0.02    0.09    1.69 v _39498_/CO (FA_X1)
                                         _14091_ (net)
                  0.02    0.00    1.70 v _24400_/B1 (AOI21_X2)
     2    6.02    0.03    0.04    1.73 ^ _24400_/ZN (AOI21_X2)
                                         _01230_ (net)
                  0.03    0.00    1.73 ^ _24402_/B1 (OAI221_X2)
     2    4.86    0.02    0.03    1.77 v _24402_/ZN (OAI221_X2)
                                         _01232_ (net)
                  0.02    0.00    1.77 v _24403_/C2 (AOI221_X2)
     2    4.30    0.04    0.06    1.83 ^ _24403_/ZN (AOI221_X2)
                                         _01233_ (net)
                  0.04    0.00    1.83 ^ _24404_/B1 (OAI21_X1)
     1    3.55    0.02    0.03    1.86 v _24404_/ZN (OAI21_X1)
                                         _01234_ (net)
                  0.02    0.00    1.86 v _24405_/B1 (OAI21_X2)
     2    7.96    0.03    0.04    1.90 ^ _24405_/ZN (OAI21_X2)
                                         _01235_ (net)
                  0.03    0.00    1.90 ^ _24416_/A1 (AND3_X1)
     6   14.09    0.04    0.08    1.98 ^ _24416_/ZN (AND3_X1)
                                         _01246_ (net)
                  0.04    0.00    1.98 ^ _24504_/A2 (OR2_X1)
     3    7.18    0.02    0.05    2.02 ^ _24504_/ZN (OR2_X1)
                                         _01332_ (net)
                  0.02    0.00    2.03 ^ _24524_/A (INV_X1)
     1    1.58    0.01    0.01    2.03 v _24524_/ZN (INV_X1)
                                         _01351_ (net)
                  0.01    0.00    2.03 v _24526_/A (MUX2_X2)
     5   13.38    0.02    0.06    2.10 v _24526_/Z (MUX2_X2)
                                         _01353_ (net)
                  0.02    0.00    2.10 v _24527_/A (CLKBUF_X3)
    10   19.79    0.02    0.05    2.15 v _24527_/Z (CLKBUF_X3)
                                         _01354_ (net)
                  0.02    0.00    2.15 v _24772_/A (BUF_X1)
    10   23.22    0.03    0.06    2.21 v _24772_/Z (BUF_X1)
                                         _01597_ (net)
                  0.03    0.00    2.21 v _38954_/A1 (NAND2_X2)
     3   10.56    0.02    0.03    2.24 ^ _38954_/ZN (NAND2_X2)
                                         _21522_ (net)
                  0.02    0.00    2.24 ^ _41691_/A (HA_X1)
     3   12.53    0.07    0.10    2.34 ^ _41691_/S (HA_X1)
                                         _14098_ (net)
                  0.07    0.00    2.34 ^ _24572_/A (BUF_X4)
    10   29.86    0.02    0.04    2.39 ^ _24572_/Z (BUF_X4)
                                         _01399_ (net)
                  0.02    0.00    2.39 ^ _24602_/A (INV_X2)
     6   14.63    0.01    0.02    2.41 v _24602_/ZN (INV_X2)
                                         _01429_ (net)
                  0.01    0.00    2.41 v _24718_/S (MUX2_X1)
     1    1.01    0.01    0.05    2.46 v _24718_/Z (MUX2_X1)
                                         _01543_ (net)
                  0.01    0.00    2.46 v _24719_/B (MUX2_X1)
     1    3.67    0.01    0.06    2.52 v _24719_/Z (MUX2_X1)
                                         _01544_ (net)
                  0.01    0.00    2.52 v _24725_/A (AOI221_X2)
     2    4.87    0.05    0.08    2.60 ^ _24725_/ZN (AOI221_X2)
                                         _01550_ (net)
                  0.05    0.00    2.60 ^ _24805_/A4 (NOR4_X1)
     1    0.84    0.01    0.02    2.61 v _24805_/ZN (NOR4_X1)
                                         _01630_ (net)
                  0.01    0.00    2.61 v _24808_/A1 (OR3_X1)
     2    4.78    0.02    0.07    2.69 v _24808_/ZN (OR3_X1)
                                         _01633_ (net)
                  0.02    0.00    2.69 v _24824_/A1 (AND3_X1)
     5   10.13    0.01    0.05    2.74 v _24824_/ZN (AND3_X1)
                                         _01649_ (net)
                  0.01    0.00    2.74 v _24825_/A3 (AND3_X1)
     2    4.20    0.01    0.04    2.78 v _24825_/ZN (AND3_X1)
                                         _01650_ (net)
                  0.01    0.00    2.78 v _24826_/A2 (NAND2_X1)
     1    4.50    0.02    0.02    2.80 ^ _24826_/ZN (NAND2_X1)
                                         _01651_ (net)
                  0.02    0.00    2.80 ^ _24827_/B (XOR2_X2)
     2    6.04    0.03    0.05    2.86 ^ _24827_/Z (XOR2_X2)
                                         _01652_ (net)
                  0.03    0.00    2.86 ^ _24828_/A (BUF_X4)
    10   26.27    0.02    0.04    2.90 ^ _24828_/Z (BUF_X4)
                                         _21536_ (net)
                  0.02    0.00    2.90 ^ _41696_/A (HA_X1)
     2    5.65    0.02    0.04    2.94 ^ _41696_/CO (HA_X1)
                                         _21538_ (net)
                  0.02    0.00    2.94 ^ _41699_/B (HA_X1)
     2    4.16    0.01    0.04    2.98 ^ _41699_/CO (HA_X1)
                                         _21546_ (net)
                  0.01    0.00    2.98 ^ _24946_/A1 (NAND3_X1)
     1    4.51    0.02    0.03    3.01 v _24946_/ZN (NAND3_X1)
                                         _01753_ (net)
                  0.02    0.00    3.01 v _24947_/B (XNOR2_X2)
     3    8.47    0.03    0.05    3.06 ^ _24947_/ZN (XNOR2_X2)
                                         _01754_ (net)
                  0.03    0.00    3.06 ^ _24948_/S (MUX2_X1)
     1    4.00    0.01    0.07    3.12 v _24948_/Z (MUX2_X1)
                                         _01755_ (net)
                  0.01    0.00    3.12 v _24949_/B2 (OAI22_X2)
     1    6.35    0.04    0.05    3.18 ^ _24949_/ZN (OAI22_X2)
                                         _01756_ (net)
                  0.04    0.00    3.18 ^ _24954_/A (AOI21_X4)
     1   10.60    0.02    0.02    3.20 v _24954_/ZN (AOI21_X4)
                                         _00069_ (net)
                  0.02    0.00    3.20 v g_reduce0[2].adder.x[14]$_DFF_PN0_/D (DFFR_X2)
                                  3.20   data arrival time

                          3.00    3.00   clock clk (rise edge)
                          0.15    3.15   clock source latency
     1   19.78    0.00    0.00    3.15 ^ clk (in)
                                         clk (net)
                  0.00    0.00    3.15 ^ clkbuf_0_clk/A (CLKBUF_X3)
    16   85.50    0.06    0.09    3.24 ^ clkbuf_0_clk/Z (CLKBUF_X3)
                                         clknet_0_clk (net)
                  0.06    0.01    3.25 ^ clkbuf_4_5_0_clk/A (CLKBUF_X3)
    13   31.41    0.03    0.07    3.32 ^ clkbuf_4_5_0_clk/Z (CLKBUF_X3)
                                         clknet_4_5_0_clk (net)
                  0.03    0.00    3.32 ^ clkbuf_leaf_135_clk/A (CLKBUF_X3)
    10   11.88    0.01    0.04    3.36 ^ clkbuf_leaf_135_clk/Z (CLKBUF_X3)
                                         clknet_leaf_135_clk (net)
                  0.01    0.00    3.36 ^ g_reduce0[2].adder.x[14]$_DFF_PN0_/CK (DFFR_X2)
                         -0.01    3.35   clock uncertainty
                          0.00    3.35   clock reconvergence pessimism
                         -0.04    3.31   library setup time
                                  3.31   data required time
-----------------------------------------------------------------------------
                                  3.31   data required time
                                 -3.20   data arrival time
-----------------------------------------------------------------------------
                                  0.11   slack (MET)



==========================================================================
finish report_checks -unconstrained
--------------------------------------------------------------------------
Startpoint: rst (input port clocked by clk)
Endpoint: g_reduce1[4].adder.x[9]$_DFF_PN0_
          (recovery check against rising-edge clock clk)
Path Group: asynchronous
Path Type: max

Fanout     Cap    Slew   Delay    Time   Description
-----------------------------------------------------------------------------
                          0.00    0.00   clock clk (rise edge)
                          0.15    0.15   clock network delay (propagated)
                          0.15    0.30 ^ input external delay
     1    1.13    0.00    0.00    0.30 ^ rst (in)
                                         rst (net)
                  0.00    0.00    0.30 ^ input276/A (BUF_X1)
   117  253.18    0.53    0.51    0.81 ^ input276/Z (BUF_X1)
                                         net276 (net)
                  0.53    0.06    0.87 ^ max_length350/A (BUF_X1)
   112  249.23    0.52    0.55    1.42 ^ max_length350/Z (BUF_X1)
                                         net350 (net)
                  0.54    0.12    1.54 ^ max_length349/A (BUF_X1)
   168  369.90    0.78    0.84    2.39 ^ max_length349/Z (BUF_X1)
                                         net349 (net)
                  0.78    0.06    2.44 ^ max_length348/A (BUF_X2)
   145  327.15    0.33    0.35    2.79 ^ max_length348/Z (BUF_X2)
                                         net348 (net)
                  0.37    0.14    2.92 ^ g_reduce1[4].adder.x[9]$_DFF_PN0_/RN (DFFR_X1)
                                  2.92   data arrival time

                          3.00    3.00   clock clk (rise edge)
                          0.15    3.15   clock source latency
     1   19.78    0.00    0.00    3.15 ^ clk (in)
                                         clk (net)
                  0.00    0.00    3.15 ^ clkbuf_0_clk/A (CLKBUF_X3)
    16   85.50    0.06    0.09    3.24 ^ clkbuf_0_clk/Z (CLKBUF_X3)
                                         clknet_0_clk (net)
                  0.06    0.00    3.25 ^ clkbuf_4_13_0_clk/A (CLKBUF_X3)
    12   36.98    0.03    0.08    3.32 ^ clkbuf_4_13_0_clk/Z (CLKBUF_X3)
                                         clknet_4_13_0_clk (net)
                  0.03    0.00    3.32 ^ clkbuf_leaf_105_clk/A (CLKBUF_X3)
     5   10.77    0.01    0.04    3.37 ^ clkbuf_leaf_105_clk/Z (CLKBUF_X3)
                                         clknet_leaf_105_clk (net)
                  0.01    0.00    3.37 ^ g_reduce1[4].adder.x[9]$_DFF_PN0_/CK (DFFR_X1)
                         -0.01    3.35   clock uncertainty
                          0.00    3.35   clock reconvergence pessimism
                         -0.02    3.33   library recovery time
                                  3.33   data required time
-----------------------------------------------------------------------------
                                  3.33   data required time
                                 -2.92   data arrival time
-----------------------------------------------------------------------------
                                  0.40   slack (MET)


Startpoint: g_row[0].g_col[2].mult.x[11]$_DFF_PN0_
            (rising edge-triggered flip-flop clocked by clk)
Endpoint: g_reduce0[2].adder.x[14]$_DFF_PN0_
          (rising edge-triggered flip-flop clocked by clk)
Path Group: clk
Path Type: max

Fanout     Cap    Slew   Delay    Time   Description
-----------------------------------------------------------------------------
                          0.00    0.00   clock clk (rise edge)
                          0.15    0.15   clock source latency
     1   19.78    0.00    0.00    0.15 ^ clk (in)
                                         clk (net)
                  0.00    0.00    0.15 ^ clkbuf_0_clk/A (CLKBUF_X3)
    16   85.50    0.06    0.09    0.24 ^ clkbuf_0_clk/Z (CLKBUF_X3)
                                         clknet_0_clk (net)
                  0.06    0.00    0.25 ^ clkbuf_4_12_0_clk/A (CLKBUF_X3)
    12   37.02    0.03    0.07    0.32 ^ clkbuf_4_12_0_clk/Z (CLKBUF_X3)
                                         clknet_4_12_0_clk (net)
                  0.03    0.00    0.33 ^ clkbuf_leaf_112_clk/A (CLKBUF_X3)
     8   13.43    0.01    0.05    0.37 ^ clkbuf_leaf_112_clk/Z (CLKBUF_X3)
                                         clknet_leaf_112_clk (net)
                  0.01    0.00    0.37 ^ g_row[0].g_col[2].mult.x[11]$_DFF_PN0_/CK (DFFR_X2)
     4   14.04    0.02    0.14    0.52 ^ g_row[0].g_col[2].mult.x[11]$_DFF_PN0_/Q (DFFR_X2)
                                         g_reduce0[2].adder.a[11] (net)
                  0.02    0.00    0.52 ^ _41657_/B (HA_X1)
     5   15.22    0.08    0.12    0.63 ^ _41657_/S (HA_X1)
                                         _21417_ (net)
                  0.08    0.00    0.63 ^ _24110_/A (INV_X2)
     3   10.11    0.02    0.02    0.65 v _24110_/ZN (INV_X2)
                                         _00962_ (net)
                  0.02    0.00    0.66 v _24114_/A3 (NOR4_X1)
     5   15.15    0.16    0.22    0.88 ^ _24114_/ZN (NOR4_X1)
                                         _00966_ (net)
                  0.16    0.00    0.88 ^ _24142_/A (BUF_X1)
    10   37.27    0.09    0.12    1.00 ^ _24142_/Z (BUF_X1)
                                         _00994_ (net)
                  0.09    0.00    1.00 ^ _24143_/B2 (AOI21_X4)
     7   19.24    0.02    0.03    1.03 v _24143_/ZN (AOI21_X4)
                                         _00995_ (net)
                  0.02    0.00    1.03 v _38947_/A (BUF_X1)
    10   20.63    0.02    0.06    1.09 v _38947_/Z (BUF_X1)
                                         _12006_ (net)
                  0.02    0.00    1.09 v _39166_/A3 (NOR3_X1)
     1    1.72    0.03    0.05    1.15 ^ _39166_/ZN (NOR3_X1)
                                         _12089_ (net)
                  0.03    0.00    1.15 ^ _39168_/A (AOI21_X1)
     1    3.57    0.01    0.02    1.17 v _39168_/ZN (AOI21_X1)
                                         _21451_ (net)
                  0.01    0.00    1.17 v _41669_/B (HA_X1)
     2    7.02    0.01    0.04    1.21 v _41669_/CO (HA_X1)
                                         _21452_ (net)
                  0.01    0.00    1.21 v _24213_/A1 (OR3_X2)
     2    8.02    0.02    0.07    1.28 v _24213_/ZN (OR3_X2)
                                         _01063_ (net)
                  0.02    0.00    1.28 v _24214_/B2 (OAI21_X1)
     3   10.24    0.06    0.08    1.36 ^ _24214_/ZN (OAI21_X1)
                                         _01064_ (net)
                  0.06    0.00    1.36 ^ _24217_/A1 (NAND2_X2)
     5   13.70    0.02    0.04    1.39 v _24217_/ZN (NAND2_X2)
                                         _01067_ (net)
                  0.02    0.00    1.39 v _24218_/A (BUF_X1)
    10   21.65    0.02    0.06    1.45 v _24218_/Z (BUF_X1)
                                         _01068_ (net)
                  0.02    0.00    1.46 v _24273_/S (MUX2_X1)
     1    1.87    0.01    0.06    1.51 ^ _24273_/Z (MUX2_X1)
                                         _01123_ (net)
                  0.01    0.00    1.51 ^ _24274_/B1 (OAI22_X1)
     1    2.37    0.01    0.02    1.53 v _24274_/ZN (OAI22_X1)
                                         _01124_ (net)
                  0.01    0.00    1.53 v _24275_/A2 (NAND2_X1)
     2    5.39    0.02    0.03    1.56 ^ _24275_/ZN (NAND2_X1)
                                         _21520_ (net)
                  0.02    0.00    1.56 ^ _24276_/A (INV_X1)
     1    3.18    0.01    0.01    1.57 v _24276_/ZN (INV_X1)
                                         _21517_ (net)
                  0.01    0.00    1.57 v _41689_/A (HA_X1)
     2    5.74    0.01    0.03    1.61 v _41689_/CO (HA_X1)
                                         _14088_ (net)
                  0.01    0.00    1.61 v _39498_/A (FA_X1)
     2    7.72    0.02    0.09    1.69 v _39498_/CO (FA_X1)
                                         _14091_ (net)
                  0.02    0.00    1.70 v _24400_/B1 (AOI21_X2)
     2    6.02    0.03    0.04    1.73 ^ _24400_/ZN (AOI21_X2)
                                         _01230_ (net)
                  0.03    0.00    1.73 ^ _24402_/B1 (OAI221_X2)
     2    4.86    0.02    0.03    1.77 v _24402_/ZN (OAI221_X2)
                                         _01232_ (net)
                  0.02    0.00    1.77 v _24403_/C2 (AOI221_X2)
     2    4.30    0.04    0.06    1.83 ^ _24403_/ZN (AOI221_X2)
                                         _01233_ (net)
                  0.04    0.00    1.83 ^ _24404_/B1 (OAI21_X1)
     1    3.55    0.02    0.03    1.86 v _24404_/ZN (OAI21_X1)
                                         _01234_ (net)
                  0.02    0.00    1.86 v _24405_/B1 (OAI21_X2)
     2    7.96    0.03    0.04    1.90 ^ _24405_/ZN (OAI21_X2)
                                         _01235_ (net)
                  0.03    0.00    1.90 ^ _24416_/A1 (AND3_X1)
     6   14.09    0.04    0.08    1.98 ^ _24416_/ZN (AND3_X1)
                                         _01246_ (net)
                  0.04    0.00    1.98 ^ _24504_/A2 (OR2_X1)
     3    7.18    0.02    0.05    2.02 ^ _24504_/ZN (OR2_X1)
                                         _01332_ (net)
                  0.02    0.00    2.03 ^ _24524_/A (INV_X1)
     1    1.58    0.01    0.01    2.03 v _24524_/ZN (INV_X1)
                                         _01351_ (net)
                  0.01    0.00    2.03 v _24526_/A (MUX2_X2)
     5   13.38    0.02    0.06    2.10 v _24526_/Z (MUX2_X2)
                                         _01353_ (net)
                  0.02    0.00    2.10 v _24527_/A (CLKBUF_X3)
    10   19.79    0.02    0.05    2.15 v _24527_/Z (CLKBUF_X3)
                                         _01354_ (net)
                  0.02    0.00    2.15 v _24772_/A (BUF_X1)
    10   23.22    0.03    0.06    2.21 v _24772_/Z (BUF_X1)
                                         _01597_ (net)
                  0.03    0.00    2.21 v _38954_/A1 (NAND2_X2)
     3   10.56    0.02    0.03    2.24 ^ _38954_/ZN (NAND2_X2)
                                         _21522_ (net)
                  0.02    0.00    2.24 ^ _41691_/A (HA_X1)
     3   12.53    0.07    0.10    2.34 ^ _41691_/S (HA_X1)
                                         _14098_ (net)
                  0.07    0.00    2.34 ^ _24572_/A (BUF_X4)
    10   29.86    0.02    0.04    2.39 ^ _24572_/Z (BUF_X4)
                                         _01399_ (net)
                  0.02    0.00    2.39 ^ _24602_/A (INV_X2)
     6   14.63    0.01    0.02    2.41 v _24602_/ZN (INV_X2)
                                         _01429_ (net)
                  0.01    0.00    2.41 v _24718_/S (MUX2_X1)
     1    1.01    0.01    0.05    2.46 v _24718_/Z (MUX2_X1)
                                         _01543_ (net)
                  0.01    0.00    2.46 v _24719_/B (MUX2_X1)
     1    3.67    0.01    0.06    2.52 v _24719_/Z (MUX2_X1)
                                         _01544_ (net)
                  0.01    0.00    2.52 v _24725_/A (AOI221_X2)
     2    4.87    0.05    0.08    2.60 ^ _24725_/ZN (AOI221_X2)
                                         _01550_ (net)
                  0.05    0.00    2.60 ^ _24805_/A4 (NOR4_X1)
     1    0.84    0.01    0.02    2.61 v _24805_/ZN (NOR4_X1)
                                         _01630_ (net)
                  0.01    0.00    2.61 v _24808_/A1 (OR3_X1)
     2    4.78    0.02    0.07    2.69 v _24808_/ZN (OR3_X1)
                                         _01633_ (net)
                  0.02    0.00    2.69 v _24824_/A1 (AND3_X1)
     5   10.13    0.01    0.05    2.74 v _24824_/ZN (AND3_X1)
                                         _01649_ (net)
                  0.01    0.00    2.74 v _24825_/A3 (AND3_X1)
     2    4.20    0.01    0.04    2.78 v _24825_/ZN (AND3_X1)
                                         _01650_ (net)
                  0.01    0.00    2.78 v _24826_/A2 (NAND2_X1)
     1    4.50    0.02    0.02    2.80 ^ _24826_/ZN (NAND2_X1)
                                         _01651_ (net)
                  0.02    0.00    2.80 ^ _24827_/B (XOR2_X2)
     2    6.04    0.03    0.05    2.86 ^ _24827_/Z (XOR2_X2)
                                         _01652_ (net)
                  0.03    0.00    2.86 ^ _24828_/A (BUF_X4)
    10   26.27    0.02    0.04    2.90 ^ _24828_/Z (BUF_X4)
                                         _21536_ (net)
                  0.02    0.00    2.90 ^ _41696_/A (HA_X1)
     2    5.65    0.02    0.04    2.94 ^ _41696_/CO (HA_X1)
                                         _21538_ (net)
                  0.02    0.00    2.94 ^ _41699_/B (HA_X1)
     2    4.16    0.01    0.04    2.98 ^ _41699_/CO (HA_X1)
                                         _21546_ (net)
                  0.01    0.00    2.98 ^ _24946_/A1 (NAND3_X1)
     1    4.51    0.02    0.03    3.01 v _24946_/ZN (NAND3_X1)
                                         _01753_ (net)
                  0.02    0.00    3.01 v _24947_/B (XNOR2_X2)
     3    8.47    0.03    0.05    3.06 ^ _24947_/ZN (XNOR2_X2)
                                         _01754_ (net)
                  0.03    0.00    3.06 ^ _24948_/S (MUX2_X1)
     1    4.00    0.01    0.07    3.12 v _24948_/Z (MUX2_X1)
                                         _01755_ (net)
                  0.01    0.00    3.12 v _24949_/B2 (OAI22_X2)
     1    6.35    0.04    0.05    3.18 ^ _24949_/ZN (OAI22_X2)
                                         _01756_ (net)
                  0.04    0.00    3.18 ^ _24954_/A (AOI21_X4)
     1   10.60    0.02    0.02    3.20 v _24954_/ZN (AOI21_X4)
                                         _00069_ (net)
                  0.02    0.00    3.20 v g_reduce0[2].adder.x[14]$_DFF_PN0_/D (DFFR_X2)
                                  3.20   data arrival time

                          3.00    3.00   clock clk (rise edge)
                          0.15    3.15   clock source latency
     1   19.78    0.00    0.00    3.15 ^ clk (in)
                                         clk (net)
                  0.00    0.00    3.15 ^ clkbuf_0_clk/A (CLKBUF_X3)
    16   85.50    0.06    0.09    3.24 ^ clkbuf_0_clk/Z (CLKBUF_X3)
                                         clknet_0_clk (net)
                  0.06    0.01    3.25 ^ clkbuf_4_5_0_clk/A (CLKBUF_X3)
    13   31.41    0.03    0.07    3.32 ^ clkbuf_4_5_0_clk/Z (CLKBUF_X3)
                                         clknet_4_5_0_clk (net)
                  0.03    0.00    3.32 ^ clkbuf_leaf_135_clk/A (CLKBUF_X3)
    10   11.88    0.01    0.04    3.36 ^ clkbuf_leaf_135_clk/Z (CLKBUF_X3)
                                         clknet_leaf_135_clk (net)
                  0.01    0.00    3.36 ^ g_reduce0[2].adder.x[14]$_DFF_PN0_/CK (DFFR_X2)
                         -0.01    3.35   clock uncertainty
                          0.00    3.35   clock reconvergence pessimism
                         -0.04    3.31   library setup time
                                  3.31   data required time
-----------------------------------------------------------------------------
                                  3.31   data required time
                                 -3.20   data arrival time
-----------------------------------------------------------------------------
                                  0.11   slack (MET)



==========================================================================
finish report_check_types -max_slew -max_cap -max_fanout -violators
--------------------------------------------------------------------------
max slew

Pin                                    Limit    Slew   Slack
------------------------------------------------------------
max_length349/Z                         0.20    0.78   -0.58 (VIOLATED)
max_length345/Z                         0.20    0.72   -0.52 (VIOLATED)
max_length351/Z                         0.20    0.71   -0.51 (VIOLATED)
max_length347/Z                         0.20    0.69   -0.50 (VIOLATED)
input276/Z                              0.20    0.53   -0.33 (VIOLATED)
max_length350/Z                         0.20    0.52   -0.32 (VIOLATED)
max_length348/Z                         0.20    0.33   -0.13 (VIOLATED)
_25241_/ZN                              0.20    0.21   -0.01 (VIOLATED)

max capacitance

Pin                                    Limit     Cap   Slack
------------------------------------------------------------
max_length349/Z                        60.65  369.90 -309.25 (VIOLATED)
max_length351/Z                        60.65  349.76 -289.11 (VIOLATED)
max_length345/Z                        60.65  347.03 -286.38 (VIOLATED)
max_length347/Z                        60.65  339.22 -278.57 (VIOLATED)
max_length348/Z                       121.15  327.15 -206.00 (VIOLATED)
input276/Z                             60.65  253.18 -192.53 (VIOLATED)
max_length350/Z                        60.65  249.23 -188.57 (VIOLATED)
clk                                     6.00   19.78  -13.78 (VIOLATED)
_25241_/ZN                             13.81   25.78  -11.97 (VIOLATED)
_32140_/Z                              25.33   37.20  -11.87 (VIOLATED)
_23303_/ZN                             16.02   23.75   -7.73 (VIOLATED)
_24114_/ZN                             10.47   15.15   -4.68 (VIOLATED)
_29795_/Z                              25.33   29.25   -3.92 (VIOLATED)
_28010_/ZN                             23.23   26.94   -3.70 (VIOLATED)
_28287_/ZN                             10.47   13.80   -3.33 (VIOLATED)
_35429_/ZN                             10.47   13.41   -2.94 (VIOLATED)
_31202_/ZN                             26.02   28.09   -2.07 (VIOLATED)
_32832_/Z                              25.33   27.08   -1.75 (VIOLATED)
a[55]                                   6.00    6.73   -0.73 (VIOLATED)
_33062_/Z                              25.33   25.93   -0.60 (VIOLATED)
_28321_/ZN                             25.33   25.79   -0.46 (VIOLATED)
a[57]                                   6.00    6.22   -0.22 (VIOLATED)


==========================================================================
finish max_slew_check_slack
--------------------------------------------------------------------------
-0.5823941230773926

==========================================================================
finish max_slew_check_limit
--------------------------------------------------------------------------
0.1985349953174591

==========================================================================
finish max_slew_check_slack_limit
--------------------------------------------------------------------------
-2.9335

==========================================================================
finish max_fanout_check_slack
--------------------------------------------------------------------------
31.0

==========================================================================
finish max_fanout_check_limit
--------------------------------------------------------------------------
32.0

==========================================================================
finish max_fanout_check_slack_limit
--------------------------------------------------------------------------
0.9688

==========================================================================
finish max_capacitance_check_slack
--------------------------------------------------------------------------
-309.2480163574219

==========================================================================
finish max_capacitance_check_limit
--------------------------------------------------------------------------
60.65370559692383

==========================================================================
finish max_capacitance_check_slack_limit
--------------------------------------------------------------------------
-5.0986

==========================================================================
finish max_slew_violation_count
--------------------------------------------------------------------------
max slew violation count 8

==========================================================================
finish max_fanout_violation_count
--------------------------------------------------------------------------
max fanout violation count 0

==========================================================================
finish max_cap_violation_count
--------------------------------------------------------------------------
max cap violation count 22

==========================================================================
finish setup_violation_count
--------------------------------------------------------------------------
setup violation count 0

==========================================================================
finish hold_violation_count
--------------------------------------------------------------------------
hold violation count 0

==========================================================================
finish report_checks -path_delay max reg to reg
--------------------------------------------------------------------------
Startpoint: g_row[0].g_col[2].mult.x[11]$_DFF_PN0_
            (rising edge-triggered flip-flop clocked by clk)
Endpoint: g_reduce0[2].adder.x[14]$_DFF_PN0_
          (rising edge-triggered flip-flop clocked by clk)
Path Group: clk
Path Type: max

  Delay    Time   Description
---------------------------------------------------------
   0.00    0.00   clock clk (rise edge)
   0.15    0.15   clock source latency
   0.00    0.15 ^ clk (in)
   0.09    0.24 ^ clkbuf_0_clk/Z (CLKBUF_X3)
   0.08    0.32 ^ clkbuf_4_12_0_clk/Z (CLKBUF_X3)
   0.05    0.37 ^ clkbuf_leaf_112_clk/Z (CLKBUF_X3)
   0.00    0.37 ^ g_row[0].g_col[2].mult.x[11]$_DFF_PN0_/CK (DFFR_X2)
   0.14    0.52 ^ g_row[0].g_col[2].mult.x[11]$_DFF_PN0_/Q (DFFR_X2)
   0.12    0.63 ^ _41657_/S (HA_X1)
   0.02    0.65 v _24110_/ZN (INV_X2)
   0.22    0.88 ^ _24114_/ZN (NOR4_X1)
   0.12    1.00 ^ _24142_/Z (BUF_X1)
   0.04    1.03 v _24143_/ZN (AOI21_X4)
   0.06    1.09 v _38947_/Z (BUF_X1)
   0.05    1.15 ^ _39166_/ZN (NOR3_X1)
   0.02    1.17 v _39168_/ZN (AOI21_X1)
   0.04    1.21 v _41669_/CO (HA_X1)
   0.07    1.28 v _24213_/ZN (OR3_X2)
   0.08    1.36 ^ _24214_/ZN (OAI21_X1)
   0.04    1.39 v _24217_/ZN (NAND2_X2)
   0.06    1.45 v _24218_/Z (BUF_X1)
   0.06    1.51 ^ _24273_/Z (MUX2_X1)
   0.02    1.53 v _24274_/ZN (OAI22_X1)
   0.03    1.56 ^ _24275_/ZN (NAND2_X1)
   0.01    1.57 v _24276_/ZN (INV_X1)
   0.03    1.61 v _41689_/CO (HA_X1)
   0.09    1.69 v _39498_/CO (FA_X1)
   0.04    1.73 ^ _24400_/ZN (AOI21_X2)
   0.04    1.77 v _24402_/ZN (OAI221_X2)
   0.06    1.83 ^ _24403_/ZN (AOI221_X2)
   0.03    1.86 v _24404_/ZN (OAI21_X1)
   0.04    1.90 ^ _24405_/ZN (OAI21_X2)
   0.08    1.98 ^ _24416_/ZN (AND3_X1)
   0.05    2.02 ^ _24504_/ZN (OR2_X1)
   0.01    2.03 v _24524_/ZN (INV_X1)
   0.06    2.10 v _24526_/Z (MUX2_X2)
   0.05    2.15 v _24527_/Z (CLKBUF_X3)
   0.06    2.21 v _24772_/Z (BUF_X1)
   0.03    2.24 ^ _38954_/ZN (NAND2_X2)
   0.10    2.34 ^ _41691_/S (HA_X1)
   0.04    2.39 ^ _24572_/Z (BUF_X4)
   0.02    2.41 v _24602_/ZN (INV_X2)
   0.05    2.46 v _24718_/Z (MUX2_X1)
   0.06    2.52 v _24719_/Z (MUX2_X1)
   0.08    2.60 ^ _24725_/ZN (AOI221_X2)
   0.02    2.61 v _24805_/ZN (NOR4_X1)
   0.07    2.69 v _24808_/ZN (OR3_X1)
   0.05    2.74 v _24824_/ZN (AND3_X1)
   0.04    2.78 v _24825_/ZN (AND3_X1)
   0.02    2.80 ^ _24826_/ZN (NAND2_X1)
   0.05    2.86 ^ _24827_/Z (XOR2_X2)
   0.04    2.90 ^ _24828_/Z (BUF_X4)
   0.04    2.94 ^ _41696_/CO (HA_X1)
   0.04    2.98 ^ _41699_/CO (HA_X1)
   0.03    3.01 v _24946_/ZN (NAND3_X1)
   0.05    3.06 ^ _24947_/ZN (XNOR2_X2)
   0.07    3.12 v _24948_/Z (MUX2_X1)
   0.05    3.18 ^ _24949_/ZN (OAI22_X2)
   0.02    3.20 v _24954_/ZN (AOI21_X4)
   0.00    3.20 v g_reduce0[2].adder.x[14]$_DFF_PN0_/D (DFFR_X2)
           3.20   data arrival time

   3.00    3.00   clock clk (rise edge)
   0.15    3.15   clock source latency
   0.00    3.15 ^ clk (in)
   0.09    3.24 ^ clkbuf_0_clk/Z (CLKBUF_X3)
   0.08    3.32 ^ clkbuf_4_5_0_clk/Z (CLKBUF_X3)
   0.04    3.36 ^ clkbuf_leaf_135_clk/Z (CLKBUF_X3)
   0.00    3.36 ^ g_reduce0[2].adder.x[14]$_DFF_PN0_/CK (DFFR_X2)
  -0.01    3.35   clock uncertainty
   0.00    3.35   clock reconvergence pessimism
  -0.04    3.31   library setup time
           3.31   data required time
---------------------------------------------------------
           3.31   data required time
          -3.20   data arrival time
---------------------------------------------------------
           0.11   slack (MET)



==========================================================================
finish report_checks -path_delay min reg to reg
--------------------------------------------------------------------------
Startpoint: g_row[1].g_col[2].mult.stage1.sign$_DFF_PN0_
            (rising edge-triggered flip-flop clocked by clk)
Endpoint: g_row[1].g_col[2].mult.x[15]$_DFF_PN0_
          (rising edge-triggered flip-flop clocked by clk)
Path Group: clk
Path Type: min

  Delay    Time   Description
---------------------------------------------------------
   0.00    0.00   clock clk (rise edge)
   0.15    0.15   clock source latency
   0.00    0.15 ^ clk (in)
   0.09    0.24 ^ clkbuf_0_clk/Z (CLKBUF_X3)
   0.08    0.32 ^ clkbuf_4_13_0_clk/Z (CLKBUF_X3)
   0.05    0.37 ^ clkbuf_leaf_105_clk/Z (CLKBUF_X3)
   0.00    0.37 ^ g_row[1].g_col[2].mult.stage1.sign$_DFF_PN0_/CK (DFFR_X1)
   0.09    0.46 v g_row[1].g_col[2].mult.stage1.sign$_DFF_PN0_/Q (DFFR_X1)
   0.00    0.46 v g_row[1].g_col[2].mult.x[15]$_DFF_PN0_/D (DFFR_X2)
           0.46   data arrival time

   0.00    0.00   clock clk (rise edge)
   0.15    0.15   clock source latency
   0.00    0.15 ^ clk (in)
   0.09    0.24 ^ clkbuf_0_clk/Z (CLKBUF_X3)
   0.08    0.33 ^ clkbuf_4_15_0_clk/Z (CLKBUF_X3)
   0.05    0.38 ^ clkbuf_leaf_101_clk/Z (CLKBUF_X3)
   0.00    0.38 ^ g_row[1].g_col[2].mult.x[15]$_DFF_PN0_/CK (DFFR_X2)
   0.01    0.39   clock uncertainty
   0.00    0.39   clock reconvergence pessimism
   0.00    0.39   library hold time
           0.39   data required time
---------------------------------------------------------
           0.39   data required time
          -0.46   data arrival time
---------------------------------------------------------
           0.07   slack (MET)



==========================================================================
finish critical path target clock latency max path
--------------------------------------------------------------------------
0.3680

==========================================================================
finish critical path target clock latency min path
--------------------------------------------------------------------------
0

==========================================================================
finish critical path source clock latency min path
--------------------------------------------------------------------------
0

==========================================================================
finish critical path delay
--------------------------------------------------------------------------
3.1976

==========================================================================
finish critical path slack
--------------------------------------------------------------------------
0.1119

==========================================================================
finish slack div critical path delay
--------------------------------------------------------------------------
3.499500

==========================================================================
finish report_power
--------------------------------------------------------------------------
Group                  Internal  Switching    Leakage      Total
                          Power      Power      Power      Power (Watts)
----------------------------------------------------------------
Sequential             5.99e-03   1.37e-03   1.12e-04   7.47e-03   3.9%
Combinational          8.94e-02   9.38e-02   7.48e-04   1.84e-01  95.1%
Clock                  8.94e-04   1.03e-03   9.73e-06   1.94e-03   1.0%
Macro                  0.00e+00   0.00e+00   0.00e+00   0.00e+00   0.0%
Pad                    0.00e+00   0.00e+00   0.00e+00   0.00e+00   0.0%
----------------------------------------------------------------
Total                  9.63e-02   9.62e-02   8.69e-04   1.93e-01 100.0%
                          49.8%      49.7%       0.4%
